2025-04-13 21:41:32.084 worker_log:633 14223 MainThread [INFO]  Worker 0 started
2025-04-13 21:41:32.085 worker_log:635 14223 MainThread [DEBUG]  Debug logging enabled
2025-04-13 21:41:32.086 worker_log:690 14223 MainThread [INFO]  Set worker CPU affinity to [0, 1, 2, 3, 4, 5, 6, 7, 104, 105, 106, 107, 108, 109, 110, 111]
2025-04-13 21:41:32.101 worker_log:718 14223 MainThread [INFO]  Pinned worker to accelerator: 0.0
2025-04-13 21:41:42.490 worker_log:746 14223 MainThread [INFO]  Received executor task 2
2025-04-13 21:41:47.183 worker_log:633 14362 MainThread [INFO]  Worker 0 started
2025-04-13 21:41:47.183 worker_log:635 14362 MainThread [DEBUG]  Debug logging enabled
2025-04-13 21:41:47.183 worker_log:690 14362 MainThread [INFO]  Set worker CPU affinity to [0, 1, 2, 3, 4, 5, 6, 7, 104, 105, 106, 107, 108, 109, 110, 111]
2025-04-13 21:41:47.188 worker_log:718 14362 MainThread [INFO]  Pinned worker to accelerator: 0.0
2025-04-13 21:42:01.532 worker_log:746 14362 MainThread [INFO]  Received executor task 13
2025-04-13 21:42:19.040 worker_log:633 14612 MainThread [INFO]  Worker 0 started
2025-04-13 21:42:19.041 worker_log:635 14612 MainThread [DEBUG]  Debug logging enabled
2025-04-13 21:42:19.041 worker_log:690 14612 MainThread [INFO]  Set worker CPU affinity to [0, 1, 2, 3, 4, 5, 6, 7, 104, 105, 106, 107, 108, 109, 110, 111]
2025-04-13 21:42:19.047 worker_log:718 14612 MainThread [INFO]  Pinned worker to accelerator: 0.0
2025-04-13 21:42:20.304 worker_log:746 14612 MainThread [INFO]  Received executor task 15
2025-04-13 21:42:35.468 worker_log:633 15077 MainThread [INFO]  Worker 0 started
2025-04-13 21:42:35.468 worker_log:635 15077 MainThread [DEBUG]  Debug logging enabled
2025-04-13 21:42:35.469 worker_log:690 15077 MainThread [INFO]  Set worker CPU affinity to [0, 1, 2, 3, 4, 5, 6, 7, 104, 105, 106, 107, 108, 109, 110, 111]
2025-04-13 21:42:35.475 worker_log:718 15077 MainThread [INFO]  Pinned worker to accelerator: 0.0
2025-04-13 21:42:37.415 worker_log:746 15077 MainThread [INFO]  Received executor task 17
2025-04-13 21:42:51.944 worker_log:633 15161 MainThread [INFO]  Worker 0 started
2025-04-13 21:42:51.944 worker_log:635 15161 MainThread [DEBUG]  Debug logging enabled
2025-04-13 21:42:51.944 worker_log:690 15161 MainThread [INFO]  Set worker CPU affinity to [0, 1, 2, 3, 4, 5, 6, 7, 104, 105, 106, 107, 108, 109, 110, 111]
2025-04-13 21:42:51.951 worker_log:718 15161 MainThread [INFO]  Pinned worker to accelerator: 0.0
2025-04-13 21:42:53.908 worker_log:746 15161 MainThread [INFO]  Received executor task 19
2025-04-13 21:43:08.563 worker_log:633 15246 MainThread [INFO]  Worker 0 started
2025-04-13 21:43:08.563 worker_log:635 15246 MainThread [DEBUG]  Debug logging enabled
2025-04-13 21:43:08.563 worker_log:690 15246 MainThread [INFO]  Set worker CPU affinity to [0, 1, 2, 3, 4, 5, 6, 7, 104, 105, 106, 107, 108, 109, 110, 111]
2025-04-13 21:43:08.569 worker_log:718 15246 MainThread [INFO]  Pinned worker to accelerator: 0.0
2025-04-13 21:43:10.113 worker_log:746 15246 MainThread [INFO]  Received executor task 22
2025-04-13 21:43:25.390 worker_log:633 15549 MainThread [INFO]  Worker 0 started
2025-04-13 21:43:25.391 worker_log:635 15549 MainThread [DEBUG]  Debug logging enabled
2025-04-13 21:43:25.391 worker_log:690 15549 MainThread [INFO]  Set worker CPU affinity to [0, 1, 2, 3, 4, 5, 6, 7, 104, 105, 106, 107, 108, 109, 110, 111]
2025-04-13 21:43:25.397 worker_log:718 15549 MainThread [INFO]  Pinned worker to accelerator: 0.0
