2025-04-13 21:41:32.083 worker_log:633 14229 MainThread [INFO]  Worker 6 started
2025-04-13 21:41:32.085 worker_log:635 14229 MainThread [DEBUG]  Debug logging enabled
2025-04-13 21:41:32.085 worker_log:690 14229 MainThread [INFO]  Set worker CPU affinity to [52, 53, 54, 55, 56, 57, 58, 59, 156, 157, 158, 159, 160, 161, 162, 163]
2025-04-13 21:41:32.101 worker_log:718 14229 MainThread [INFO]  Pinned worker to accelerator: 3.0
2025-04-13 21:41:44.754 worker_log:746 14229 MainThread [INFO]  Received executor task 3
2025-04-13 21:42:03.497 worker_log:633 14530 MainThread [INFO]  Worker 6 started
2025-04-13 21:42:03.497 worker_log:635 14530 MainThread [DEBUG]  Debug logging enabled
2025-04-13 21:42:03.497 worker_log:690 14530 MainThread [INFO]  Set worker CPU affinity to [52, 53, 54, 55, 56, 57, 58, 59, 156, 157, 158, 159, 160, 161, 162, 163]
2025-04-13 21:42:03.504 worker_log:718 14530 MainThread [INFO]  Pinned worker to accelerator: 3.0
2025-04-13 21:42:04.708 worker_log:746 14530 MainThread [INFO]  Received executor task 14
2025-04-13 21:42:19.988 worker_log:633 14615 MainThread [INFO]  Worker 6 started
2025-04-13 21:42:19.988 worker_log:635 14615 MainThread [DEBUG]  Debug logging enabled
2025-04-13 21:42:19.988 worker_log:690 14615 MainThread [INFO]  Set worker CPU affinity to [52, 53, 54, 55, 56, 57, 58, 59, 156, 157, 158, 159, 160, 161, 162, 163]
2025-04-13 21:42:19.994 worker_log:718 14615 MainThread [INFO]  Pinned worker to accelerator: 3.0
2025-04-13 21:42:21.291 worker_log:746 14615 MainThread [INFO]  Received executor task 16
2025-04-13 21:42:36.618 worker_log:633 15080 MainThread [INFO]  Worker 6 started
2025-04-13 21:42:36.618 worker_log:635 15080 MainThread [DEBUG]  Debug logging enabled
2025-04-13 21:42:36.619 worker_log:690 15080 MainThread [INFO]  Set worker CPU affinity to [52, 53, 54, 55, 56, 57, 58, 59, 156, 157, 158, 159, 160, 161, 162, 163]
2025-04-13 21:42:36.625 worker_log:718 15080 MainThread [INFO]  Pinned worker to accelerator: 3.0
2025-04-13 21:42:38.841 worker_log:746 15080 MainThread [INFO]  Received executor task 18
2025-04-13 21:42:53.163 worker_log:633 15164 MainThread [INFO]  Worker 6 started
2025-04-13 21:42:53.163 worker_log:635 15164 MainThread [DEBUG]  Debug logging enabled
2025-04-13 21:42:53.164 worker_log:690 15164 MainThread [INFO]  Set worker CPU affinity to [52, 53, 54, 55, 56, 57, 58, 59, 156, 157, 158, 159, 160, 161, 162, 163]
2025-04-13 21:42:53.170 worker_log:718 15164 MainThread [INFO]  Pinned worker to accelerator: 3.0
2025-04-13 21:42:54.808 worker_log:746 15164 MainThread [INFO]  Received executor task 20
2025-04-13 21:43:09.556 worker_log:633 15252 MainThread [INFO]  Worker 6 started
2025-04-13 21:43:09.556 worker_log:635 15252 MainThread [DEBUG]  Debug logging enabled
2025-04-13 21:43:09.556 worker_log:690 15252 MainThread [INFO]  Set worker CPU affinity to [52, 53, 54, 55, 56, 57, 58, 59, 156, 157, 158, 159, 160, 161, 162, 163]
2025-04-13 21:43:09.562 worker_log:718 15252 MainThread [INFO]  Pinned worker to accelerator: 3.0
2025-04-13 21:43:13.539 worker_log:746 15252 MainThread [INFO]  Received executor task 24
2025-04-13 21:43:26.416 worker_log:633 15552 MainThread [INFO]  Worker 6 started
2025-04-13 21:43:26.416 worker_log:635 15552 MainThread [DEBUG]  Debug logging enabled
2025-04-13 21:43:26.416 worker_log:690 15552 MainThread [INFO]  Set worker CPU affinity to [52, 53, 54, 55, 56, 57, 58, 59, 156, 157, 158, 159, 160, 161, 162, 163]
2025-04-13 21:43:26.422 worker_log:718 15552 MainThread [INFO]  Pinned worker to accelerator: 3.0
