2025-04-17 00:29:56.725 worker_log:633 150622 MainThread [INFO]  Worker 4 started
2025-04-17 00:29:56.726 worker_log:635 150622 MainThread [DEBUG]  Debug logging enabled
2025-04-17 00:29:56.727 worker_log:690 150622 MainThread [INFO]  Set worker CPU affinity to [32, 33, 34, 35, 36, 37, 38, 39, 136, 137, 138, 139, 140, 141, 142, 143]
2025-04-17 00:29:56.732 worker_log:718 150622 MainThread [INFO]  Pinned worker to accelerator: 2.0
2025-04-17 00:30:27.359 worker_log:746 150622 MainThread [INFO]  Received executor task 7
2025-04-17 00:30:47.282 worker_log:764 150622 MainThread [INFO]  Completed executor task 7
2025-04-17 00:30:48.491 worker_log:775 150622 MainThread [INFO]  All processing finished for executor task 7
2025-04-17 00:30:54.539 worker_log:746 150622 MainThread [INFO]  Received executor task 19
2025-04-17 00:31:14.329 worker_log:764 150622 MainThread [INFO]  Completed executor task 19
2025-04-17 00:31:15.427 worker_log:775 150622 MainThread [INFO]  All processing finished for executor task 19
2025-04-17 00:31:18.303 worker_log:746 150622 MainThread [INFO]  Received executor task 31
2025-04-17 00:31:39.916 worker_log:764 150622 MainThread [INFO]  Completed executor task 31
2025-04-17 00:31:40.757 worker_log:775 150622 MainThread [INFO]  All processing finished for executor task 31
2025-04-17 00:31:48.011 worker_log:746 150622 MainThread [INFO]  Received executor task 45
2025-04-17 00:32:08.287 worker_log:764 150622 MainThread [INFO]  Completed executor task 45
2025-04-17 00:32:08.794 worker_log:775 150622 MainThread [INFO]  All processing finished for executor task 45
2025-04-17 00:32:16.761 worker_log:746 150622 MainThread [INFO]  Received executor task 59
2025-04-17 00:32:37.078 worker_log:764 150622 MainThread [INFO]  Completed executor task 59
2025-04-17 00:32:37.555 worker_log:775 150622 MainThread [INFO]  All processing finished for executor task 59
2025-04-17 00:32:44.708 worker_log:746 150622 MainThread [INFO]  Received executor task 72
2025-04-17 00:33:05.012 worker_log:764 150622 MainThread [INFO]  Completed executor task 72
2025-04-17 00:33:05.640 worker_log:775 150622 MainThread [INFO]  All processing finished for executor task 72
2025-04-17 00:33:17.845 worker_log:746 150622 MainThread [INFO]  Received executor task 85
2025-04-17 00:33:32.820 worker_log:764 150622 MainThread [INFO]  Completed executor task 85
2025-04-17 00:33:34.967 worker_log:775 150622 MainThread [INFO]  All processing finished for executor task 85
2025-04-17 00:33:46.196 worker_log:746 150622 MainThread [INFO]  Received executor task 97
2025-04-17 00:34:05.186 worker_log:764 150622 MainThread [INFO]  Completed executor task 97
2025-04-17 00:34:06.166 worker_log:775 150622 MainThread [INFO]  All processing finished for executor task 97
2025-04-17 00:34:22.227 worker_log:746 150622 MainThread [INFO]  Received executor task 107
2025-04-17 00:34:39.098 worker_log:764 150622 MainThread [INFO]  Completed executor task 107
2025-04-17 00:34:40.588 worker_log:775 150622 MainThread [INFO]  All processing finished for executor task 107
2025-04-17 00:34:59.755 worker_log:746 150622 MainThread [INFO]  Received executor task 118
2025-04-17 00:35:14.830 worker_log:764 150622 MainThread [INFO]  Completed executor task 118
2025-04-17 00:35:16.413 worker_log:775 150622 MainThread [INFO]  All processing finished for executor task 118
2025-04-17 00:35:33.625 worker_log:746 150622 MainThread [INFO]  Received executor task 132
2025-04-17 00:35:51.035 worker_log:764 150622 MainThread [INFO]  Completed executor task 132
2025-04-17 00:35:52.440 worker_log:775 150622 MainThread [INFO]  All processing finished for executor task 132
2025-04-17 00:36:33.681 worker_log:746 150622 MainThread [INFO]  Received executor task 139
2025-04-17 00:36:56.936 worker_log:764 150622 MainThread [INFO]  Completed executor task 139
2025-04-17 00:37:05.026 worker_log:775 150622 MainThread [INFO]  All processing finished for executor task 139
2025-04-17 00:37:18.566 worker_log:746 150622 MainThread [INFO]  Received executor task 154
2025-04-17 00:37:41.481 worker_log:764 150622 MainThread [INFO]  Completed executor task 154
2025-04-17 00:37:45.198 worker_log:775 150622 MainThread [INFO]  All processing finished for executor task 154
2025-04-17 00:38:06.498 worker_log:746 150622 MainThread [INFO]  Received executor task 170
2025-04-17 00:38:22.913 worker_log:764 150622 MainThread [INFO]  Completed executor task 170
2025-04-17 00:38:25.101 worker_log:775 150622 MainThread [INFO]  All processing finished for executor task 170
2025-04-17 00:38:35.990 worker_log:746 150622 MainThread [INFO]  Received executor task 182
2025-04-17 00:38:56.179 worker_log:764 150622 MainThread [INFO]  Completed executor task 182
2025-04-17 00:38:57.731 worker_log:775 150622 MainThread [INFO]  All processing finished for executor task 182
2025-04-17 00:39:10.118 worker_log:746 150622 MainThread [INFO]  Received executor task 195
2025-04-17 00:39:23.654 worker_log:764 150622 MainThread [INFO]  Completed executor task 195
2025-04-17 00:39:24.994 worker_log:775 150622 MainThread [INFO]  All processing finished for executor task 195
2025-04-17 00:39:36.368 worker_log:746 150622 MainThread [INFO]  Received executor task 205
2025-04-17 00:39:55.067 worker_log:764 150622 MainThread [INFO]  Completed executor task 205
2025-04-17 00:39:56.111 worker_log:775 150622 MainThread [INFO]  All processing finished for executor task 205
2025-04-17 00:41:35.516 worker_log:746 150622 MainThread [INFO]  Received executor task 230
2025-04-17 00:41:58.086 worker_log:764 150622 MainThread [INFO]  Completed executor task 230
2025-04-17 00:42:01.679 worker_log:775 150622 MainThread [INFO]  All processing finished for executor task 230
2025-04-17 00:42:14.401 worker_log:746 150622 MainThread [INFO]  Received executor task 243
2025-04-17 00:42:29.862 worker_log:764 150622 MainThread [INFO]  Completed executor task 243
2025-04-17 00:42:31.639 worker_log:775 150622 MainThread [INFO]  All processing finished for executor task 243
2025-04-17 00:42:45.701 worker_log:746 150622 MainThread [INFO]  Received executor task 253
2025-04-17 00:43:02.558 worker_log:764 150622 MainThread [INFO]  Completed executor task 253
2025-04-17 00:43:03.683 worker_log:775 150622 MainThread [INFO]  All processing finished for executor task 253
2025-04-17 00:43:42.915 worker_log:746 150622 MainThread [INFO]  Received executor task 272
2025-04-17 00:44:06.104 worker_log:764 150622 MainThread [INFO]  Completed executor task 272
2025-04-17 00:44:07.268 worker_log:775 150622 MainThread [INFO]  All processing finished for executor task 272
2025-04-17 00:44:37.926 worker_log:746 150622 MainThread [INFO]  Received executor task 289
2025-04-17 00:44:59.068 worker_log:764 150622 MainThread [INFO]  Completed executor task 289
2025-04-17 00:45:00.180 worker_log:775 150622 MainThread [INFO]  All processing finished for executor task 289
2025-04-17 00:46:12.451 worker_log:746 150622 MainThread [INFO]  Received executor task 312
2025-04-17 00:46:32.321 worker_log:764 150622 MainThread [INFO]  Completed executor task 312
2025-04-17 00:46:33.473 worker_log:775 150622 MainThread [INFO]  All processing finished for executor task 312
2025-04-17 00:48:21.667 worker_log:746 150622 MainThread [INFO]  Received executor task 327
2025-04-17 00:48:38.143 worker_log:764 150622 MainThread [INFO]  Completed executor task 327
2025-04-17 00:48:42.764 worker_log:775 150622 MainThread [INFO]  All processing finished for executor task 327
2025-04-17 00:48:48.500 worker_log:746 150622 MainThread [INFO]  Received executor task 336
2025-04-17 00:49:05.646 worker_log:764 150622 MainThread [INFO]  Completed executor task 336
2025-04-17 00:49:06.769 worker_log:775 150622 MainThread [INFO]  All processing finished for executor task 336
2025-04-17 00:49:23.070 worker_log:746 150622 MainThread [INFO]  Received executor task 345
2025-04-17 00:49:39.666 worker_log:764 150622 MainThread [INFO]  Completed executor task 345
2025-04-17 00:49:40.867 worker_log:775 150622 MainThread [INFO]  All processing finished for executor task 345
2025-04-17 00:49:56.324 worker_log:746 150622 MainThread [INFO]  Received executor task 357
2025-04-17 00:50:10.268 worker_log:764 150622 MainThread [INFO]  Completed executor task 357
2025-04-17 00:50:11.634 worker_log:775 150622 MainThread [INFO]  All processing finished for executor task 357
2025-04-17 00:50:23.798 worker_log:746 150622 MainThread [INFO]  Received executor task 368
2025-04-17 00:50:40.088 worker_log:764 150622 MainThread [INFO]  Completed executor task 368
2025-04-17 00:50:41.365 worker_log:775 150622 MainThread [INFO]  All processing finished for executor task 368
2025-04-17 00:50:48.399 worker_log:746 150622 MainThread [INFO]  Received executor task 378
2025-04-17 00:51:06.873 worker_log:764 150622 MainThread [INFO]  Completed executor task 378
2025-04-17 00:51:07.887 worker_log:775 150622 MainThread [INFO]  All processing finished for executor task 378
2025-04-17 00:51:24.090 worker_log:746 150622 MainThread [INFO]  Received executor task 387
2025-04-17 00:51:45.120 worker_log:764 150622 MainThread [INFO]  Completed executor task 387
2025-04-17 00:51:47.389 worker_log:775 150622 MainThread [INFO]  All processing finished for executor task 387
2025-04-17 00:51:55.649 worker_log:746 150622 MainThread [INFO]  Received executor task 399
2025-04-17 00:52:13.083 worker_log:764 150622 MainThread [INFO]  Completed executor task 399
2025-04-17 00:52:14.503 worker_log:775 150622 MainThread [INFO]  All processing finished for executor task 399
2025-04-17 00:52:46.001 worker_log:746 150622 MainThread [INFO]  Received executor task 411
2025-04-17 00:52:58.512 worker_log:764 150622 MainThread [INFO]  Completed executor task 411
2025-04-17 00:52:59.236 worker_log:775 150622 MainThread [INFO]  All processing finished for executor task 411
2025-04-17 00:53:17.109 worker_log:746 150622 MainThread [INFO]  Received executor task 417
2025-04-17 00:53:37.296 worker_log:764 150622 MainThread [INFO]  Completed executor task 417
2025-04-17 00:53:38.743 worker_log:775 150622 MainThread [INFO]  All processing finished for executor task 417
2025-04-17 00:53:44.848 worker_log:746 150622 MainThread [INFO]  Received executor task 427
2025-04-17 00:53:59.483 worker_log:764 150622 MainThread [INFO]  Completed executor task 427
2025-04-17 00:54:00.630 worker_log:775 150622 MainThread [INFO]  All processing finished for executor task 427
2025-04-17 00:54:11.322 worker_log:746 150622 MainThread [INFO]  Received executor task 439
2025-04-17 00:54:32.554 worker_log:764 150622 MainThread [INFO]  Completed executor task 439
2025-04-17 00:54:33.701 worker_log:775 150622 MainThread [INFO]  All processing finished for executor task 439
2025-04-17 00:54:42.378 worker_log:746 150622 MainThread [INFO]  Received executor task 451
2025-04-17 00:55:01.361 worker_log:764 150622 MainThread [INFO]  Completed executor task 451
2025-04-17 00:55:02.463 worker_log:775 150622 MainThread [INFO]  All processing finished for executor task 451
2025-04-17 00:55:43.413 worker_log:746 150622 MainThread [INFO]  Received executor task 468
2025-04-17 00:56:03.491 worker_log:764 150622 MainThread [INFO]  Completed executor task 468
2025-04-17 00:56:04.673 worker_log:775 150622 MainThread [INFO]  All processing finished for executor task 468
2025-04-17 00:56:18.254 worker_log:746 150622 MainThread [INFO]  Received executor task 479
2025-04-17 00:56:34.407 worker_log:764 150622 MainThread [INFO]  Completed executor task 479
2025-04-17 00:56:35.731 worker_log:775 150622 MainThread [INFO]  All processing finished for executor task 479
2025-04-17 00:56:48.607 worker_log:746 150622 MainThread [INFO]  Received executor task 490
2025-04-17 00:57:02.992 worker_log:764 150622 MainThread [INFO]  Completed executor task 490
2025-04-17 00:57:04.000 worker_log:775 150622 MainThread [INFO]  All processing finished for executor task 490
