2025-04-17 00:29:56.713 worker_log:633 150621 MainThread [INFO]  Worker 3 started
2025-04-17 00:29:56.714 worker_log:635 150621 MainThread [DEBUG]  Debug logging enabled
2025-04-17 00:29:56.715 worker_log:690 150621 MainThread [INFO]  Set worker CPU affinity to [24, 25, 26, 27, 28, 29, 30, 31, 128, 129, 130, 131, 132, 133, 134, 135]
2025-04-17 00:29:56.719 worker_log:718 150621 MainThread [INFO]  Pinned worker to accelerator: 1.1
2025-04-17 00:30:17.443 worker_log:746 150621 MainThread [INFO]  Received executor task 3
2025-04-17 00:30:32.352 worker_log:764 150621 MainThread [INFO]  Completed executor task 3
2025-04-17 00:30:32.860 worker_log:775 150621 MainThread [INFO]  All processing finished for executor task 3
2025-04-17 00:30:40.812 worker_log:746 150621 MainThread [INFO]  Received executor task 14
2025-04-17 00:31:01.930 worker_log:764 150621 MainThread [INFO]  Completed executor task 14
2025-04-17 00:31:02.875 worker_log:775 150621 MainThread [INFO]  All processing finished for executor task 14
2025-04-17 00:31:08.169 worker_log:746 150621 MainThread [INFO]  Received executor task 26
2025-04-17 00:31:27.694 worker_log:764 150621 MainThread [INFO]  Completed executor task 26
2025-04-17 00:31:28.350 worker_log:775 150621 MainThread [INFO]  All processing finished for executor task 26
2025-04-17 00:31:32.508 worker_log:746 150621 MainThread [INFO]  Received executor task 37
2025-04-17 00:31:50.550 worker_log:764 150621 MainThread [INFO]  Completed executor task 37
2025-04-17 00:31:51.487 worker_log:775 150621 MainThread [INFO]  All processing finished for executor task 37
2025-04-17 00:32:00.527 worker_log:746 150621 MainThread [INFO]  Received executor task 51
2025-04-17 00:32:19.152 worker_log:764 150621 MainThread [INFO]  Completed executor task 51
2025-04-17 00:32:19.701 worker_log:775 150621 MainThread [INFO]  All processing finished for executor task 51
2025-04-17 00:32:25.190 worker_log:746 150621 MainThread [INFO]  Received executor task 63
2025-04-17 00:32:44.797 worker_log:764 150621 MainThread [INFO]  Completed executor task 63
2025-04-17 00:32:45.450 worker_log:775 150621 MainThread [INFO]  All processing finished for executor task 63
2025-04-17 00:32:54.879 worker_log:746 150621 MainThread [INFO]  Received executor task 77
2025-04-17 00:33:13.293 worker_log:764 150621 MainThread [INFO]  Completed executor task 77
2025-04-17 00:33:14.084 worker_log:775 150621 MainThread [INFO]  All processing finished for executor task 77
2025-04-17 00:33:38.720 worker_log:746 150621 MainThread [INFO]  Received executor task 95
2025-04-17 00:33:58.377 worker_log:764 150621 MainThread [INFO]  Completed executor task 95
2025-04-17 00:33:59.003 worker_log:775 150621 MainThread [INFO]  All processing finished for executor task 95
2025-04-17 00:34:13.450 worker_log:746 150621 MainThread [INFO]  Received executor task 105
2025-04-17 00:34:31.832 worker_log:764 150621 MainThread [INFO]  Completed executor task 105
2025-04-17 00:34:33.129 worker_log:775 150621 MainThread [INFO]  All processing finished for executor task 105
2025-04-17 00:34:47.297 worker_log:746 150621 MainThread [INFO]  Received executor task 115
2025-04-17 00:35:03.832 worker_log:764 150621 MainThread [INFO]  Completed executor task 115
2025-04-17 00:35:04.987 worker_log:775 150621 MainThread [INFO]  All processing finished for executor task 115
2025-04-17 00:35:15.054 worker_log:746 150621 MainThread [INFO]  Received executor task 126
2025-04-17 00:35:31.792 worker_log:764 150621 MainThread [INFO]  Completed executor task 126
2025-04-17 00:35:33.336 worker_log:775 150621 MainThread [INFO]  All processing finished for executor task 126
2025-04-17 00:35:43.521 worker_log:746 150621 MainThread [INFO]  Received executor task 136
2025-04-17 00:35:59.572 worker_log:764 150621 MainThread [INFO]  Completed executor task 136
2025-04-17 00:36:00.577 worker_log:775 150621 MainThread [INFO]  All processing finished for executor task 136
2025-04-17 00:36:43.549 worker_log:746 150621 MainThread [INFO]  Received executor task 142
2025-04-17 00:37:10.046 worker_log:764 150621 MainThread [INFO]  Completed executor task 142
2025-04-17 00:37:16.059 worker_log:775 150621 MainThread [INFO]  All processing finished for executor task 142
2025-04-17 00:37:21.206 worker_log:746 150621 MainThread [INFO]  Received executor task 156
2025-04-17 00:37:41.558 worker_log:764 150621 MainThread [INFO]  Completed executor task 156
2025-04-17 00:37:44.082 worker_log:775 150621 MainThread [INFO]  All processing finished for executor task 156
2025-04-17 00:37:55.530 worker_log:746 150621 MainThread [INFO]  Received executor task 168
2025-04-17 00:38:09.210 worker_log:764 150621 MainThread [INFO]  Completed executor task 168
2025-04-17 00:38:10.643 worker_log:775 150621 MainThread [INFO]  All processing finished for executor task 168
2025-04-17 00:38:24.915 worker_log:746 150621 MainThread [INFO]  Received executor task 177
2025-04-17 00:38:40.230 worker_log:764 150621 MainThread [INFO]  Completed executor task 177
2025-04-17 00:38:41.658 worker_log:775 150621 MainThread [INFO]  All processing finished for executor task 177
2025-04-17 00:38:51.699 worker_log:746 150621 MainThread [INFO]  Received executor task 189
2025-04-17 00:39:07.976 worker_log:764 150621 MainThread [INFO]  Completed executor task 189
2025-04-17 00:39:08.982 worker_log:775 150621 MainThread [INFO]  All processing finished for executor task 189
2025-04-17 00:39:34.286 worker_log:746 150621 MainThread [INFO]  Received executor task 204
2025-04-17 00:39:54.286 worker_log:764 150621 MainThread [INFO]  Completed executor task 204
2025-04-17 00:39:55.328 worker_log:775 150621 MainThread [INFO]  All processing finished for executor task 204
2025-04-17 00:41:28.438 worker_log:746 150621 MainThread [INFO]  Received executor task 226
2025-04-17 00:41:50.529 worker_log:764 150621 MainThread [INFO]  Completed executor task 226
2025-04-17 00:41:51.886 worker_log:775 150621 MainThread [INFO]  All processing finished for executor task 226
2025-04-17 00:41:56.489 worker_log:746 150621 MainThread [INFO]  Received executor task 236
2025-04-17 00:42:12.200 worker_log:764 150621 MainThread [INFO]  Completed executor task 236
2025-04-17 00:42:13.292 worker_log:775 150621 MainThread [INFO]  All processing finished for executor task 236
2025-04-17 00:42:26.368 worker_log:746 150621 MainThread [INFO]  Received executor task 247
2025-04-17 00:42:40.329 worker_log:764 150621 MainThread [INFO]  Completed executor task 247
2025-04-17 00:42:41.715 worker_log:775 150621 MainThread [INFO]  All processing finished for executor task 247
2025-04-17 00:42:54.422 worker_log:746 150621 MainThread [INFO]  Received executor task 258
2025-04-17 00:43:09.740 worker_log:764 150621 MainThread [INFO]  Completed executor task 258
2025-04-17 00:43:10.786 worker_log:775 150621 MainThread [INFO]  All processing finished for executor task 258
2025-04-17 00:43:38.077 worker_log:746 150621 MainThread [INFO]  Received executor task 269
2025-04-17 00:44:02.784 worker_log:764 150621 MainThread [INFO]  Completed executor task 269
2025-04-17 00:44:04.755 worker_log:775 150621 MainThread [INFO]  All processing finished for executor task 269
2025-04-17 00:44:33.486 worker_log:746 150621 MainThread [INFO]  Received executor task 286
2025-04-17 00:44:52.907 worker_log:764 150621 MainThread [INFO]  Completed executor task 286
2025-04-17 00:44:53.987 worker_log:775 150621 MainThread [INFO]  All processing finished for executor task 286
2025-04-17 00:45:41.823 worker_log:746 150621 MainThread [INFO]  Received executor task 298
2025-04-17 00:46:03.284 worker_log:764 150621 MainThread [INFO]  Completed executor task 298
2025-04-17 00:46:11.471 worker_log:775 150621 MainThread [INFO]  All processing finished for executor task 298
2025-04-17 00:46:21.386 worker_log:746 150621 MainThread [INFO]  Received executor task 315
2025-04-17 00:46:38.722 worker_log:764 150621 MainThread [INFO]  Completed executor task 315
2025-04-17 00:46:40.007 worker_log:775 150621 MainThread [INFO]  All processing finished for executor task 315
2025-04-17 00:48:40.508 worker_log:746 150621 MainThread [INFO]  Received executor task 331
2025-04-17 00:48:58.491 worker_log:764 150621 MainThread [INFO]  Completed executor task 331
2025-04-17 00:49:00.565 worker_log:775 150621 MainThread [INFO]  All processing finished for executor task 331
2025-04-17 00:49:13.230 worker_log:746 150621 MainThread [INFO]  Received executor task 343
2025-04-17 00:49:30.185 worker_log:764 150621 MainThread [INFO]  Completed executor task 343
2025-04-17 00:49:31.311 worker_log:775 150621 MainThread [INFO]  All processing finished for executor task 343
2025-04-17 00:49:41.704 worker_log:746 150621 MainThread [INFO]  Received executor task 352
2025-04-17 00:49:56.635 worker_log:764 150621 MainThread [INFO]  Completed executor task 352
2025-04-17 00:49:57.785 worker_log:775 150621 MainThread [INFO]  All processing finished for executor task 352
2025-04-17 00:50:10.661 worker_log:746 150621 MainThread [INFO]  Received executor task 363
2025-04-17 00:50:30.351 worker_log:764 150621 MainThread [INFO]  Completed executor task 363
2025-04-17 00:50:31.374 worker_log:775 150621 MainThread [INFO]  All processing finished for executor task 363
2025-04-17 00:50:42.884 worker_log:746 150621 MainThread [INFO]  Received executor task 376
2025-04-17 00:51:03.021 worker_log:764 150621 MainThread [INFO]  Completed executor task 376
2025-04-17 00:51:04.022 worker_log:775 150621 MainThread [INFO]  All processing finished for executor task 376
2025-04-17 00:51:22.550 worker_log:746 150621 MainThread [INFO]  Received executor task 386
2025-04-17 00:51:41.134 worker_log:764 150621 MainThread [INFO]  Completed executor task 386
2025-04-17 00:51:42.828 worker_log:775 150621 MainThread [INFO]  All processing finished for executor task 386
2025-04-17 00:51:53.915 worker_log:746 150621 MainThread [INFO]  Received executor task 397
2025-04-17 00:52:12.226 worker_log:764 150621 MainThread [INFO]  Completed executor task 397
2025-04-17 00:52:14.438 worker_log:775 150621 MainThread [INFO]  All processing finished for executor task 397
2025-04-17 00:52:50.447 worker_log:746 150621 MainThread [INFO]  Received executor task 410
2025-04-17 00:53:08.509 worker_log:764 150621 MainThread [INFO]  Completed executor task 410
2025-04-17 00:53:15.332 worker_log:775 150621 MainThread [INFO]  All processing finished for executor task 410
2025-04-17 00:53:27.686 worker_log:746 150621 MainThread [INFO]  Received executor task 424
2025-04-17 00:53:48.761 worker_log:764 150621 MainThread [INFO]  Completed executor task 424
2025-04-17 00:53:50.498 worker_log:775 150621 MainThread [INFO]  All processing finished for executor task 424
2025-04-17 00:54:04.649 worker_log:746 150621 MainThread [INFO]  Received executor task 435
2025-04-17 00:54:22.986 worker_log:764 150621 MainThread [INFO]  Completed executor task 435
2025-04-17 00:54:24.204 worker_log:775 150621 MainThread [INFO]  All processing finished for executor task 435
2025-04-17 00:54:27.104 worker_log:746 150621 MainThread [INFO]  Received executor task 444
2025-04-17 00:54:45.563 worker_log:764 150621 MainThread [INFO]  Completed executor task 444
2025-04-17 00:54:46.613 worker_log:775 150621 MainThread [INFO]  All processing finished for executor task 444
2025-04-17 00:55:27.692 worker_log:746 150621 MainThread [INFO]  Received executor task 458
2025-04-17 00:55:50.850 worker_log:764 150621 MainThread [INFO]  Completed executor task 458
2025-04-17 00:55:57.131 worker_log:775 150621 MainThread [INFO]  All processing finished for executor task 458
2025-04-17 00:56:02.927 worker_log:746 150621 MainThread [INFO]  Received executor task 473
2025-04-17 00:56:17.529 worker_log:764 150621 MainThread [INFO]  Completed executor task 473
2025-04-17 00:56:19.152 worker_log:775 150621 MainThread [INFO]  All processing finished for executor task 473
2025-04-17 00:56:32.147 worker_log:746 150621 MainThread [INFO]  Received executor task 485
2025-04-17 00:56:44.913 worker_log:764 150621 MainThread [INFO]  Completed executor task 485
2025-04-17 00:56:45.974 worker_log:775 150621 MainThread [INFO]  All processing finished for executor task 485
