2025-04-17 00:29:56.724 worker_log:633 150625 MainThread [INFO]  Worker 7 started
2025-04-17 00:29:56.725 worker_log:635 150625 MainThread [DEBUG]  Debug logging enabled
2025-04-17 00:29:56.725 worker_log:690 150625 MainThread [INFO]  Set worker CPU affinity to [60, 61, 62, 63, 64, 65, 66, 67, 164, 165, 166, 167, 168, 169, 170, 171]
2025-04-17 00:29:56.729 worker_log:718 150625 MainThread [INFO]  Pinned worker to accelerator: 3.1
2025-04-17 00:30:24.709 worker_log:746 150625 MainThread [INFO]  Received executor task 6
2025-04-17 00:30:42.002 worker_log:764 150625 MainThread [INFO]  Completed executor task 6
2025-04-17 00:30:42.669 worker_log:775 150625 MainThread [INFO]  All processing finished for executor task 6
2025-04-17 00:30:46.397 worker_log:746 150625 MainThread [INFO]  Received executor task 16
2025-04-17 00:31:06.972 worker_log:764 150625 MainThread [INFO]  Completed executor task 16
2025-04-17 00:31:07.737 worker_log:775 150625 MainThread [INFO]  All processing finished for executor task 16
2025-04-17 00:31:14.896 worker_log:746 150625 MainThread [INFO]  Received executor task 29
2025-04-17 00:31:35.020 worker_log:764 150625 MainThread [INFO]  Completed executor task 29
2025-04-17 00:31:35.764 worker_log:775 150625 MainThread [INFO]  All processing finished for executor task 29
2025-04-17 00:31:44.822 worker_log:746 150625 MainThread [INFO]  Received executor task 43
2025-04-17 00:32:03.427 worker_log:764 150625 MainThread [INFO]  Completed executor task 43
2025-04-17 00:32:04.186 worker_log:775 150625 MainThread [INFO]  All processing finished for executor task 43
2025-04-17 00:32:08.796 worker_log:746 150625 MainThread [INFO]  Received executor task 55
2025-04-17 00:32:27.979 worker_log:764 150625 MainThread [INFO]  Completed executor task 55
2025-04-17 00:32:28.789 worker_log:775 150625 MainThread [INFO]  All processing finished for executor task 55
2025-04-17 00:32:38.530 worker_log:746 150625 MainThread [INFO]  Received executor task 69
2025-04-17 00:32:57.924 worker_log:764 150625 MainThread [INFO]  Completed executor task 69
2025-04-17 00:32:58.716 worker_log:775 150625 MainThread [INFO]  All processing finished for executor task 69
2025-04-17 00:33:06.497 worker_log:746 150625 MainThread [INFO]  Received executor task 82
2025-04-17 00:33:24.252 worker_log:764 150625 MainThread [INFO]  Completed executor task 82
2025-04-17 00:33:24.900 worker_log:775 150625 MainThread [INFO]  All processing finished for executor task 82
2025-04-17 00:33:36.765 worker_log:746 150625 MainThread [INFO]  Received executor task 92
2025-04-17 00:33:56.432 worker_log:764 150625 MainThread [INFO]  Completed executor task 92
2025-04-17 00:33:58.051 worker_log:775 150625 MainThread [INFO]  All processing finished for executor task 92
2025-04-17 00:34:10.273 worker_log:746 150625 MainThread [INFO]  Received executor task 103
2025-04-17 00:34:24.754 worker_log:764 150625 MainThread [INFO]  Completed executor task 103
2025-04-17 00:34:25.797 worker_log:775 150625 MainThread [INFO]  All processing finished for executor task 103
2025-04-17 00:34:45.151 worker_log:746 150625 MainThread [INFO]  Received executor task 112
2025-04-17 00:35:03.272 worker_log:764 150625 MainThread [INFO]  Completed executor task 112
2025-04-17 00:35:05.919 worker_log:775 150625 MainThread [INFO]  All processing finished for executor task 112
2025-04-17 00:35:17.825 worker_log:746 150625 MainThread [INFO]  Received executor task 127
2025-04-17 00:35:34.266 worker_log:764 150625 MainThread [INFO]  Completed executor task 127
2025-04-17 00:35:35.355 worker_log:775 150625 MainThread [INFO]  All processing finished for executor task 127
2025-04-17 00:36:40.408 worker_log:746 150625 MainThread [INFO]  Received executor task 143
2025-04-17 00:36:55.333 worker_log:764 150625 MainThread [INFO]  Completed executor task 143
2025-04-17 00:36:57.215 worker_log:775 150625 MainThread [INFO]  All processing finished for executor task 143
2025-04-17 00:37:01.677 worker_log:746 150625 MainThread [INFO]  Received executor task 153
2025-04-17 00:37:20.611 worker_log:764 150625 MainThread [INFO]  Completed executor task 153
2025-04-17 00:37:21.928 worker_log:775 150625 MainThread [INFO]  All processing finished for executor task 153
2025-04-17 00:37:46.071 worker_log:746 150625 MainThread [INFO]  Received executor task 164
2025-04-17 00:38:00.646 worker_log:764 150625 MainThread [INFO]  Completed executor task 164
2025-04-17 00:38:02.902 worker_log:775 150625 MainThread [INFO]  All processing finished for executor task 164
2025-04-17 00:38:35.142 worker_log:746 150625 MainThread [INFO]  Received executor task 181
2025-04-17 00:38:54.047 worker_log:764 150625 MainThread [INFO]  Completed executor task 181
2025-04-17 00:38:55.640 worker_log:775 150625 MainThread [INFO]  All processing finished for executor task 181
2025-04-17 00:39:06.555 worker_log:746 150625 MainThread [INFO]  Received executor task 194
2025-04-17 00:39:20.346 worker_log:764 150625 MainThread [INFO]  Completed executor task 194
2025-04-17 00:39:22.856 worker_log:775 150625 MainThread [INFO]  All processing finished for executor task 194
2025-04-17 00:39:31.179 worker_log:746 150625 MainThread [INFO]  Received executor task 202
2025-04-17 00:39:51.171 worker_log:764 150625 MainThread [INFO]  Completed executor task 202
2025-04-17 00:39:52.449 worker_log:775 150625 MainThread [INFO]  All processing finished for executor task 202
2025-04-17 00:40:23.125 worker_log:746 150625 MainThread [INFO]  Received executor task 216
2025-04-17 00:40:37.532 worker_log:764 150625 MainThread [INFO]  Completed executor task 216
2025-04-17 00:40:39.393 worker_log:775 150625 MainThread [INFO]  All processing finished for executor task 216
2025-04-17 00:41:28.444 worker_log:746 150625 MainThread [INFO]  Received executor task 225
2025-04-17 00:41:52.371 worker_log:764 150625 MainThread [INFO]  Completed executor task 225
2025-04-17 00:41:54.087 worker_log:775 150625 MainThread [INFO]  All processing finished for executor task 225
2025-04-17 00:41:58.764 worker_log:746 150625 MainThread [INFO]  Received executor task 237
2025-04-17 00:42:15.132 worker_log:764 150625 MainThread [INFO]  Completed executor task 237
2025-04-17 00:42:16.239 worker_log:775 150625 MainThread [INFO]  All processing finished for executor task 237
2025-04-17 00:42:32.439 worker_log:746 150625 MainThread [INFO]  Received executor task 249
2025-04-17 00:42:46.500 worker_log:764 150625 MainThread [INFO]  Completed executor task 249
2025-04-17 00:42:48.002 worker_log:775 150625 MainThread [INFO]  All processing finished for executor task 249
2025-04-17 00:43:02.748 worker_log:746 150625 MainThread [INFO]  Received executor task 260
2025-04-17 00:43:17.274 worker_log:764 150625 MainThread [INFO]  Completed executor task 260
2025-04-17 00:43:18.462 worker_log:775 150625 MainThread [INFO]  All processing finished for executor task 260
2025-04-17 00:43:34.501 worker_log:746 150625 MainThread [INFO]  Received executor task 266
2025-04-17 00:43:57.739 worker_log:764 150625 MainThread [INFO]  Completed executor task 266
2025-04-17 00:44:00.196 worker_log:775 150625 MainThread [INFO]  All processing finished for executor task 266
2025-04-17 00:44:05.898 worker_log:746 150625 MainThread [INFO]  Received executor task 277
2025-04-17 00:44:19.588 worker_log:764 150625 MainThread [INFO]  Completed executor task 277
2025-04-17 00:44:20.599 worker_log:775 150625 MainThread [INFO]  All processing finished for executor task 277
2025-04-17 00:44:34.910 worker_log:746 150625 MainThread [INFO]  Received executor task 287
2025-04-17 00:44:52.306 worker_log:764 150625 MainThread [INFO]  Completed executor task 287
2025-04-17 00:44:53.446 worker_log:775 150625 MainThread [INFO]  All processing finished for executor task 287
2025-04-17 00:45:00.430 worker_log:746 150625 MainThread [INFO]  Received executor task 297
2025-04-17 00:45:17.701 worker_log:764 150625 MainThread [INFO]  Completed executor task 297
2025-04-17 00:45:18.704 worker_log:775 150625 MainThread [INFO]  All processing finished for executor task 297
2025-04-17 00:46:07.654 worker_log:746 150625 MainThread [INFO]  Received executor task 308
2025-04-17 00:46:29.878 worker_log:764 150625 MainThread [INFO]  Completed executor task 308
2025-04-17 00:46:32.173 worker_log:775 150625 MainThread [INFO]  All processing finished for executor task 308
2025-04-17 00:47:03.194 worker_log:746 150625 MainThread [INFO]  Received executor task 319
2025-04-17 00:47:16.172 worker_log:764 150625 MainThread [INFO]  Completed executor task 319
2025-04-17 00:47:18.040 worker_log:775 150625 MainThread [INFO]  All processing finished for executor task 319
2025-04-17 00:48:12.264 worker_log:746 150625 MainThread [INFO]  Received executor task 323
2025-04-17 00:48:34.935 worker_log:764 150625 MainThread [INFO]  Completed executor task 323
2025-04-17 00:48:41.597 worker_log:775 150625 MainThread [INFO]  All processing finished for executor task 323
2025-04-17 00:48:47.818 worker_log:746 150625 MainThread [INFO]  Received executor task 335
2025-04-17 00:49:02.422 worker_log:764 150625 MainThread [INFO]  Completed executor task 335
2025-04-17 00:49:03.635 worker_log:775 150625 MainThread [INFO]  All processing finished for executor task 335
2025-04-17 00:49:22.419 worker_log:746 150625 MainThread [INFO]  Received executor task 344
2025-04-17 00:49:40.332 worker_log:764 150625 MainThread [INFO]  Completed executor task 344
2025-04-17 00:49:42.791 worker_log:775 150625 MainThread [INFO]  All processing finished for executor task 344
2025-04-17 00:50:12.418 worker_log:746 150625 MainThread [INFO]  Received executor task 364
2025-04-17 00:50:29.106 worker_log:764 150625 MainThread [INFO]  Completed executor task 364
2025-04-17 00:50:30.080 worker_log:775 150625 MainThread [INFO]  All processing finished for executor task 364
2025-04-17 00:50:40.908 worker_log:746 150625 MainThread [INFO]  Received executor task 375
2025-04-17 00:50:57.850 worker_log:764 150625 MainThread [INFO]  Completed executor task 375
2025-04-17 00:50:59.127 worker_log:775 150625 MainThread [INFO]  All processing finished for executor task 375
2025-04-17 00:51:28.940 worker_log:746 150625 MainThread [INFO]  Received executor task 390
2025-04-17 00:51:50.768 worker_log:764 150625 MainThread [INFO]  Completed executor task 390
2025-04-17 00:51:52.632 worker_log:775 150625 MainThread [INFO]  All processing finished for executor task 390
2025-04-17 00:52:04.961 worker_log:746 150625 MainThread [INFO]  Received executor task 403
2025-04-17 00:52:21.275 worker_log:764 150625 MainThread [INFO]  Completed executor task 403
2025-04-17 00:52:22.472 worker_log:775 150625 MainThread [INFO]  All processing finished for executor task 403
2025-04-17 00:53:21.447 worker_log:746 150625 MainThread [INFO]  Received executor task 420
2025-04-17 00:53:45.131 worker_log:764 150625 MainThread [INFO]  Completed executor task 420
2025-04-17 00:53:46.277 worker_log:775 150625 MainThread [INFO]  All processing finished for executor task 420
2025-04-17 00:53:51.985 worker_log:746 150625 MainThread [INFO]  Received executor task 430
2025-04-17 00:54:06.628 worker_log:764 150625 MainThread [INFO]  Completed executor task 430
2025-04-17 00:54:08.129 worker_log:775 150625 MainThread [INFO]  All processing finished for executor task 430
2025-04-17 00:54:19.443 worker_log:746 150625 MainThread [INFO]  Received executor task 441
2025-04-17 00:54:37.061 worker_log:764 150625 MainThread [INFO]  Completed executor task 441
2025-04-17 00:54:39.315 worker_log:775 150625 MainThread [INFO]  All processing finished for executor task 441
2025-04-17 00:54:48.000 worker_log:746 150625 MainThread [INFO]  Received executor task 453
2025-04-17 00:55:06.010 worker_log:764 150625 MainThread [INFO]  Completed executor task 453
2025-04-17 00:55:07.340 worker_log:775 150625 MainThread [INFO]  All processing finished for executor task 453
2025-04-17 00:55:26.061 worker_log:746 150625 MainThread [INFO]  Received executor task 459
2025-04-17 00:55:38.754 worker_log:764 150625 MainThread [INFO]  Completed executor task 459
2025-04-17 00:55:40.629 worker_log:775 150625 MainThread [INFO]  All processing finished for executor task 459
2025-04-17 00:55:48.184 worker_log:746 150625 MainThread [INFO]  Received executor task 470
2025-04-17 00:56:07.201 worker_log:764 150625 MainThread [INFO]  Completed executor task 470
2025-04-17 00:56:09.070 worker_log:775 150625 MainThread [INFO]  All processing finished for executor task 470
2025-04-17 00:56:23.298 worker_log:746 150625 MainThread [INFO]  Received executor task 482
2025-04-17 00:56:38.893 worker_log:764 150625 MainThread [INFO]  Completed executor task 482
2025-04-17 00:56:39.824 worker_log:775 150625 MainThread [INFO]  All processing finished for executor task 482
