2025-04-17 00:29:56.731 worker_log:633 150629 MainThread [INFO]  Worker 11 started
2025-04-17 00:29:56.732 worker_log:635 150629 MainThread [DEBUG]  Debug logging enabled
2025-04-17 00:29:56.732 worker_log:690 150629 MainThread [INFO]  Set worker CPU affinity to [92, 93, 94, 95, 96, 97, 98, 99, 196, 197, 198, 199, 200, 201, 202, 203]
2025-04-17 00:29:56.738 worker_log:718 150629 MainThread [INFO]  Pinned worker to accelerator: 5.1
2025-04-17 00:30:34.523 worker_log:746 150629 MainThread [INFO]  Received executor task 11
2025-04-17 00:31:00.969 worker_log:764 150629 MainThread [INFO]  Completed executor task 11
2025-04-17 00:31:01.678 worker_log:775 150629 MainThread [INFO]  All processing finished for executor task 11
2025-04-17 00:31:06.697 worker_log:746 150629 MainThread [INFO]  Received executor task 25
2025-04-17 00:31:28.069 worker_log:764 150629 MainThread [INFO]  Completed executor task 25
2025-04-17 00:31:28.627 worker_log:775 150629 MainThread [INFO]  All processing finished for executor task 25
2025-04-17 00:31:33.673 worker_log:746 150629 MainThread [INFO]  Received executor task 38
2025-04-17 00:31:55.095 worker_log:764 150629 MainThread [INFO]  Completed executor task 38
2025-04-17 00:31:55.564 worker_log:775 150629 MainThread [INFO]  All processing finished for executor task 38
2025-04-17 00:32:02.363 worker_log:746 150629 MainThread [INFO]  Received executor task 52
2025-04-17 00:32:22.878 worker_log:764 150629 MainThread [INFO]  Completed executor task 52
2025-04-17 00:32:23.613 worker_log:775 150629 MainThread [INFO]  All processing finished for executor task 52
2025-04-17 00:32:34.462 worker_log:746 150629 MainThread [INFO]  Received executor task 66
2025-04-17 00:32:53.457 worker_log:764 150629 MainThread [INFO]  Completed executor task 66
2025-04-17 00:32:54.860 worker_log:775 150629 MainThread [INFO]  All processing finished for executor task 66
2025-04-17 00:33:00.631 worker_log:746 150629 MainThread [INFO]  Received executor task 80
2025-04-17 00:33:17.393 worker_log:764 150629 MainThread [INFO]  Completed executor task 80
2025-04-17 00:33:18.181 worker_log:775 150629 MainThread [INFO]  All processing finished for executor task 80
2025-04-17 00:33:34.742 worker_log:746 150629 MainThread [INFO]  Received executor task 91
2025-04-17 00:33:52.447 worker_log:764 150629 MainThread [INFO]  Completed executor task 91
2025-04-17 00:33:54.171 worker_log:775 150629 MainThread [INFO]  All processing finished for executor task 91
2025-04-17 00:34:07.042 worker_log:746 150629 MainThread [INFO]  Received executor task 101
2025-04-17 00:34:22.508 worker_log:764 150629 MainThread [INFO]  Completed executor task 101
2025-04-17 00:34:25.119 worker_log:775 150629 MainThread [INFO]  All processing finished for executor task 101
2025-04-17 00:34:41.243 worker_log:746 150629 MainThread [INFO]  Received executor task 111
2025-04-17 00:34:57.899 worker_log:764 150629 MainThread [INFO]  Completed executor task 111
2025-04-17 00:35:01.205 worker_log:775 150629 MainThread [INFO]  All processing finished for executor task 111
2025-04-17 00:35:14.272 worker_log:746 150629 MainThread [INFO]  Received executor task 123
2025-04-17 00:35:31.827 worker_log:764 150629 MainThread [INFO]  Completed executor task 123
2025-04-17 00:35:34.452 worker_log:775 150629 MainThread [INFO]  All processing finished for executor task 123
2025-04-17 00:36:12.235 worker_log:746 150629 MainThread [INFO]  Received executor task 138
2025-04-17 00:36:29.808 worker_log:764 150629 MainThread [INFO]  Completed executor task 138
2025-04-17 00:36:35.680 worker_log:775 150629 MainThread [INFO]  All processing finished for executor task 138
2025-04-17 00:36:52.061 worker_log:746 150629 MainThread [INFO]  Received executor task 148
2025-04-17 00:37:15.753 worker_log:764 150629 MainThread [INFO]  Completed executor task 148
2025-04-17 00:37:17.373 worker_log:775 150629 MainThread [INFO]  All processing finished for executor task 148
2025-04-17 00:37:28.636 worker_log:746 150629 MainThread [INFO]  Received executor task 160
2025-04-17 00:37:47.704 worker_log:764 150629 MainThread [INFO]  Completed executor task 160
2025-04-17 00:37:48.964 worker_log:775 150629 MainThread [INFO]  All processing finished for executor task 160
2025-04-17 00:38:21.871 worker_log:746 150629 MainThread [INFO]  Received executor task 174
2025-04-17 00:38:37.096 worker_log:764 150629 MainThread [INFO]  Completed executor task 174
2025-04-17 00:38:38.638 worker_log:775 150629 MainThread [INFO]  All processing finished for executor task 174
2025-04-17 00:38:44.033 worker_log:746 150629 MainThread [INFO]  Received executor task 186
2025-04-17 00:39:02.126 worker_log:764 150629 MainThread [INFO]  Completed executor task 186
2025-04-17 00:39:04.106 worker_log:775 150629 MainThread [INFO]  All processing finished for executor task 186
2025-04-17 00:39:22.162 worker_log:746 150629 MainThread [INFO]  Received executor task 197
2025-04-17 00:39:37.673 worker_log:764 150629 MainThread [INFO]  Completed executor task 197
2025-04-17 00:39:39.100 worker_log:775 150629 MainThread [INFO]  All processing finished for executor task 197
2025-04-17 00:39:57.485 worker_log:746 150629 MainThread [INFO]  Received executor task 208
2025-04-17 00:40:12.975 worker_log:764 150629 MainThread [INFO]  Completed executor task 208
2025-04-17 00:40:15.751 worker_log:775 150629 MainThread [INFO]  All processing finished for executor task 208
2025-04-17 00:40:43.611 worker_log:746 150629 MainThread [INFO]  Received executor task 218
2025-04-17 00:40:55.499 worker_log:764 150629 MainThread [INFO]  Completed executor task 218
2025-04-17 00:40:56.504 worker_log:775 150629 MainThread [INFO]  All processing finished for executor task 218
2025-04-17 00:41:29.558 worker_log:746 150629 MainThread [INFO]  Received executor task 227
2025-04-17 00:41:53.096 worker_log:764 150629 MainThread [INFO]  Completed executor task 227
2025-04-17 00:41:54.988 worker_log:775 150629 MainThread [INFO]  All processing finished for executor task 227
2025-04-17 00:42:02.536 worker_log:746 150629 MainThread [INFO]  Received executor task 238
2025-04-17 00:42:21.108 worker_log:764 150629 MainThread [INFO]  Completed executor task 238
2025-04-17 00:42:23.209 worker_log:775 150629 MainThread [INFO]  All processing finished for executor task 238
2025-04-17 00:42:34.781 worker_log:746 150629 MainThread [INFO]  Received executor task 250
2025-04-17 00:42:48.718 worker_log:764 150629 MainThread [INFO]  Completed executor task 250
2025-04-17 00:42:50.061 worker_log:775 150629 MainThread [INFO]  All processing finished for executor task 250
2025-04-17 00:43:03.477 worker_log:746 150629 MainThread [INFO]  Received executor task 261
2025-04-17 00:43:17.262 worker_log:764 150629 MainThread [INFO]  Completed executor task 261
2025-04-17 00:43:18.463 worker_log:775 150629 MainThread [INFO]  All processing finished for executor task 261
2025-04-17 00:43:35.182 worker_log:746 150629 MainThread [INFO]  Received executor task 267
2025-04-17 00:43:58.162 worker_log:764 150629 MainThread [INFO]  Completed executor task 267
2025-04-17 00:44:00.070 worker_log:775 150629 MainThread [INFO]  All processing finished for executor task 267
2025-04-17 00:44:03.127 worker_log:746 150629 MainThread [INFO]  Received executor task 276
2025-04-17 00:44:16.824 worker_log:764 150629 MainThread [INFO]  Completed executor task 276
2025-04-17 00:44:17.837 worker_log:775 150629 MainThread [INFO]  All processing finished for executor task 276
2025-04-17 00:44:32.775 worker_log:746 150629 MainThread [INFO]  Received executor task 285
2025-04-17 00:44:49.553 worker_log:764 150629 MainThread [INFO]  Completed executor task 285
2025-04-17 00:44:51.814 worker_log:775 150629 MainThread [INFO]  All processing finished for executor task 285
2025-04-17 00:44:57.743 worker_log:746 150629 MainThread [INFO]  Received executor task 295
2025-04-17 00:45:16.743 worker_log:764 150629 MainThread [INFO]  Completed executor task 295
2025-04-17 00:45:17.761 worker_log:775 150629 MainThread [INFO]  All processing finished for executor task 295
2025-04-17 00:46:07.351 worker_log:746 150629 MainThread [INFO]  Received executor task 307
2025-04-17 00:46:30.000 worker_log:764 150629 MainThread [INFO]  Completed executor task 307
2025-04-17 00:46:32.566 worker_log:775 150629 MainThread [INFO]  All processing finished for executor task 307
2025-04-17 00:47:46.497 worker_log:746 150629 MainThread [INFO]  Received executor task 322
2025-04-17 00:47:58.747 worker_log:764 150629 MainThread [INFO]  Completed executor task 322
2025-04-17 00:47:59.793 worker_log:775 150629 MainThread [INFO]  All processing finished for executor task 322
2025-04-17 00:48:33.967 worker_log:746 150629 MainThread [INFO]  Received executor task 330
2025-04-17 00:48:48.430 worker_log:764 150629 MainThread [INFO]  Completed executor task 330
2025-04-17 00:48:50.841 worker_log:775 150629 MainThread [INFO]  All processing finished for executor task 330
2025-04-17 00:49:08.098 worker_log:746 150629 MainThread [INFO]  Received executor task 339
2025-04-17 00:49:29.720 worker_log:764 150629 MainThread [INFO]  Completed executor task 339
2025-04-17 00:49:32.259 worker_log:775 150629 MainThread [INFO]  All processing finished for executor task 339
2025-04-17 00:49:45.304 worker_log:746 150629 MainThread [INFO]  Received executor task 353
2025-04-17 00:50:02.290 worker_log:764 150629 MainThread [INFO]  Completed executor task 353
2025-04-17 00:50:03.542 worker_log:775 150629 MainThread [INFO]  All processing finished for executor task 353
2025-04-17 00:50:17.856 worker_log:746 150629 MainThread [INFO]  Received executor task 365
2025-04-17 00:50:35.997 worker_log:764 150629 MainThread [INFO]  Completed executor task 365
2025-04-17 00:50:37.688 worker_log:775 150629 MainThread [INFO]  All processing finished for executor task 365
2025-04-17 00:50:45.398 worker_log:746 150629 MainThread [INFO]  Received executor task 377
2025-04-17 00:51:04.723 worker_log:764 150629 MainThread [INFO]  Completed executor task 377
2025-04-17 00:51:05.741 worker_log:775 150629 MainThread [INFO]  All processing finished for executor task 377
2025-04-17 00:51:42.798 worker_log:746 150629 MainThread [INFO]  Received executor task 396
2025-04-17 00:51:58.757 worker_log:764 150629 MainThread [INFO]  Completed executor task 396
2025-04-17 00:51:59.827 worker_log:775 150629 MainThread [INFO]  All processing finished for executor task 396
2025-04-17 00:53:25.325 worker_log:746 150629 MainThread [INFO]  Received executor task 423
2025-04-17 00:53:47.955 worker_log:764 150629 MainThread [INFO]  Completed executor task 423
2025-04-17 00:53:49.260 worker_log:775 150629 MainThread [INFO]  All processing finished for executor task 423
2025-04-17 00:54:01.705 worker_log:746 150629 MainThread [INFO]  Received executor task 432
2025-04-17 00:54:21.794 worker_log:764 150629 MainThread [INFO]  Completed executor task 432
2025-04-17 00:54:24.600 worker_log:775 150629 MainThread [INFO]  All processing finished for executor task 432
2025-04-17 00:54:29.600 worker_log:746 150629 MainThread [INFO]  Received executor task 445
2025-04-17 00:54:45.361 worker_log:764 150629 MainThread [INFO]  Completed executor task 445
2025-04-17 00:54:46.611 worker_log:775 150629 MainThread [INFO]  All processing finished for executor task 445
2025-04-17 00:55:01.306 worker_log:746 150629 MainThread [INFO]  Received executor task 457
2025-04-17 00:55:14.337 worker_log:764 150629 MainThread [INFO]  Completed executor task 457
2025-04-17 00:55:15.603 worker_log:775 150629 MainThread [INFO]  All processing finished for executor task 457
2025-04-17 00:55:33.686 worker_log:746 150629 MainThread [INFO]  Received executor task 461
2025-04-17 00:55:56.577 worker_log:764 150629 MainThread [INFO]  Completed executor task 461
2025-04-17 00:55:59.907 worker_log:775 150629 MainThread [INFO]  All processing finished for executor task 461
2025-04-17 00:56:08.843 worker_log:746 150629 MainThread [INFO]  Received executor task 476
2025-04-17 00:56:26.288 worker_log:764 150629 MainThread [INFO]  Completed executor task 476
2025-04-17 00:56:27.414 worker_log:775 150629 MainThread [INFO]  All processing finished for executor task 476
2025-04-17 00:56:42.922 worker_log:746 150629 MainThread [INFO]  Received executor task 488
2025-04-17 00:56:59.408 worker_log:764 150629 MainThread [INFO]  Completed executor task 488
2025-04-17 00:57:01.213 worker_log:775 150629 MainThread [INFO]  All processing finished for executor task 488
