2025-04-17 00:29:56.718 worker_log:633 150620 MainThread [INFO]  Worker 2 started
2025-04-17 00:29:56.719 worker_log:635 150620 MainThread [DEBUG]  Debug logging enabled
2025-04-17 00:29:56.719 worker_log:690 150620 MainThread [INFO]  Set worker CPU affinity to [16, 17, 18, 19, 20, 21, 22, 23, 120, 121, 122, 123, 124, 125, 126, 127]
2025-04-17 00:29:56.724 worker_log:718 150620 MainThread [INFO]  Pinned worker to accelerator: 1.0
2025-04-17 00:30:22.629 worker_log:746 150620 MainThread [INFO]  Received executor task 4
2025-04-17 00:30:41.509 worker_log:764 150620 MainThread [INFO]  Completed executor task 4
2025-04-17 00:30:42.975 worker_log:775 150620 MainThread [INFO]  All processing finished for executor task 4
2025-04-17 00:30:47.624 worker_log:746 150620 MainThread [INFO]  Received executor task 17
2025-04-17 00:31:07.579 worker_log:764 150620 MainThread [INFO]  Completed executor task 17
2025-04-17 00:31:08.115 worker_log:775 150620 MainThread [INFO]  All processing finished for executor task 17
2025-04-17 00:31:16.997 worker_log:746 150620 MainThread [INFO]  Received executor task 30
2025-04-17 00:31:38.069 worker_log:764 150620 MainThread [INFO]  Completed executor task 30
2025-04-17 00:31:38.893 worker_log:775 150620 MainThread [INFO]  All processing finished for executor task 30
2025-04-17 00:31:46.260 worker_log:746 150620 MainThread [INFO]  Received executor task 44
2025-04-17 00:32:06.361 worker_log:764 150620 MainThread [INFO]  Completed executor task 44
2025-04-17 00:32:06.837 worker_log:775 150620 MainThread [INFO]  All processing finished for executor task 44
2025-04-17 00:32:14.910 worker_log:746 150620 MainThread [INFO]  Received executor task 58
2025-04-17 00:32:34.728 worker_log:764 150620 MainThread [INFO]  Completed executor task 58
2025-04-17 00:32:35.316 worker_log:775 150620 MainThread [INFO]  All processing finished for executor task 58
2025-04-17 00:32:40.586 worker_log:746 150620 MainThread [INFO]  Received executor task 70
2025-04-17 00:32:59.886 worker_log:764 150620 MainThread [INFO]  Completed executor task 70
2025-04-17 00:33:00.621 worker_log:775 150620 MainThread [INFO]  All processing finished for executor task 70
2025-04-17 00:33:11.057 worker_log:746 150620 MainThread [INFO]  Received executor task 83
2025-04-17 00:33:25.715 worker_log:764 150620 MainThread [INFO]  Completed executor task 83
2025-04-17 00:33:26.798 worker_log:775 150620 MainThread [INFO]  All processing finished for executor task 83
2025-04-17 00:33:38.449 worker_log:746 150620 MainThread [INFO]  Received executor task 94
2025-04-17 00:33:58.011 worker_log:764 150620 MainThread [INFO]  Completed executor task 94
2025-04-17 00:33:58.507 worker_log:775 150620 MainThread [INFO]  All processing finished for executor task 94
2025-04-17 00:34:12.750 worker_log:746 150620 MainThread [INFO]  Received executor task 104
2025-04-17 00:34:31.818 worker_log:764 150620 MainThread [INFO]  Completed executor task 104
2025-04-17 00:34:33.435 worker_log:775 150620 MainThread [INFO]  All processing finished for executor task 104
2025-04-17 00:34:49.899 worker_log:746 150620 MainThread [INFO]  Received executor task 116
2025-04-17 00:35:06.211 worker_log:764 150620 MainThread [INFO]  Completed executor task 116
2025-04-17 00:35:07.772 worker_log:775 150620 MainThread [INFO]  All processing finished for executor task 116
2025-04-17 00:35:22.063 worker_log:746 150620 MainThread [INFO]  Received executor task 128
2025-04-17 00:35:38.684 worker_log:764 150620 MainThread [INFO]  Completed executor task 128
2025-04-17 00:35:40.077 worker_log:775 150620 MainThread [INFO]  All processing finished for executor task 128
2025-04-17 00:36:32.077 worker_log:746 150620 MainThread [INFO]  Received executor task 140
2025-04-17 00:36:45.030 worker_log:764 150620 MainThread [INFO]  Completed executor task 140
2025-04-17 00:36:47.171 worker_log:775 150620 MainThread [INFO]  All processing finished for executor task 140
2025-04-17 00:37:00.409 worker_log:746 150620 MainThread [INFO]  Received executor task 151
2025-04-17 00:37:19.576 worker_log:764 150620 MainThread [INFO]  Completed executor task 151
2025-04-17 00:37:20.754 worker_log:775 150620 MainThread [INFO]  All processing finished for executor task 151
2025-04-17 00:37:33.507 worker_log:746 150620 MainThread [INFO]  Received executor task 163
2025-04-17 00:37:51.240 worker_log:764 150620 MainThread [INFO]  Completed executor task 163
2025-04-17 00:37:52.453 worker_log:775 150620 MainThread [INFO]  All processing finished for executor task 163
2025-04-17 00:38:09.884 worker_log:746 150620 MainThread [INFO]  Received executor task 172
2025-04-17 00:38:25.469 worker_log:764 150620 MainThread [INFO]  Completed executor task 172
2025-04-17 00:38:27.201 worker_log:775 150620 MainThread [INFO]  All processing finished for executor task 172
2025-04-17 00:38:41.049 worker_log:746 150620 MainThread [INFO]  Received executor task 184
2025-04-17 00:39:01.600 worker_log:764 150620 MainThread [INFO]  Completed executor task 184
2025-04-17 00:39:02.820 worker_log:775 150620 MainThread [INFO]  All processing finished for executor task 184
2025-04-17 00:39:21.704 worker_log:746 150620 MainThread [INFO]  Received executor task 196
2025-04-17 00:39:41.719 worker_log:764 150620 MainThread [INFO]  Completed executor task 196
2025-04-17 00:39:44.657 worker_log:775 150620 MainThread [INFO]  All processing finished for executor task 196
2025-04-17 00:39:59.333 worker_log:746 150620 MainThread [INFO]  Received executor task 209
2025-04-17 00:40:14.408 worker_log:764 150620 MainThread [INFO]  Completed executor task 209
2025-04-17 00:40:16.335 worker_log:775 150620 MainThread [INFO]  All processing finished for executor task 209
2025-04-17 00:40:50.496 worker_log:746 150620 MainThread [INFO]  Received executor task 219
2025-04-17 00:41:06.042 worker_log:764 150620 MainThread [INFO]  Completed executor task 219
2025-04-17 00:41:10.065 worker_log:775 150620 MainThread [INFO]  All processing finished for executor task 219
2025-04-17 00:41:30.924 worker_log:746 150620 MainThread [INFO]  Received executor task 228
2025-04-17 00:41:54.571 worker_log:764 150620 MainThread [INFO]  Completed executor task 228
2025-04-17 00:41:56.234 worker_log:775 150620 MainThread [INFO]  All processing finished for executor task 228
2025-04-17 00:42:04.658 worker_log:746 150620 MainThread [INFO]  Received executor task 240
2025-04-17 00:42:22.364 worker_log:764 150620 MainThread [INFO]  Completed executor task 240
2025-04-17 00:42:23.691 worker_log:775 150620 MainThread [INFO]  All processing finished for executor task 240
2025-04-17 00:42:42.900 worker_log:746 150620 MainThread [INFO]  Received executor task 251
2025-04-17 00:43:00.869 worker_log:764 150620 MainThread [INFO]  Completed executor task 251
2025-04-17 00:43:04.087 worker_log:775 150620 MainThread [INFO]  All processing finished for executor task 251
2025-04-17 00:43:36.360 worker_log:746 150620 MainThread [INFO]  Received executor task 268
2025-04-17 00:44:00.150 worker_log:764 150620 MainThread [INFO]  Completed executor task 268
2025-04-17 00:44:01.265 worker_log:775 150620 MainThread [INFO]  All processing finished for executor task 268
2025-04-17 00:44:14.070 worker_log:746 150620 MainThread [INFO]  Received executor task 279
2025-04-17 00:44:28.851 worker_log:764 150620 MainThread [INFO]  Completed executor task 279
2025-04-17 00:44:31.204 worker_log:775 150620 MainThread [INFO]  All processing finished for executor task 279
2025-04-17 00:44:48.003 worker_log:746 150620 MainThread [INFO]  Received executor task 290
2025-04-17 00:45:06.306 worker_log:764 150620 MainThread [INFO]  Completed executor task 290
2025-04-17 00:45:08.488 worker_log:775 150620 MainThread [INFO]  All processing finished for executor task 290
2025-04-17 00:45:41.029 worker_log:746 150620 MainThread [INFO]  Received executor task 300
2025-04-17 00:45:55.771 worker_log:764 150620 MainThread [INFO]  Completed executor task 300
2025-04-17 00:45:57.739 worker_log:775 150620 MainThread [INFO]  All processing finished for executor task 300
2025-04-17 00:46:09.995 worker_log:746 150620 MainThread [INFO]  Received executor task 310
2025-04-17 00:46:29.823 worker_log:764 150620 MainThread [INFO]  Completed executor task 310
2025-04-17 00:46:31.768 worker_log:775 150620 MainThread [INFO]  All processing finished for executor task 310
2025-04-17 00:47:49.266 worker_log:746 150620 MainThread [INFO]  Received executor task 320
2025-04-17 00:48:06.929 worker_log:764 150620 MainThread [INFO]  Completed executor task 320
2025-04-17 00:48:12.497 worker_log:775 150620 MainThread [INFO]  All processing finished for executor task 320
2025-04-17 00:48:43.998 worker_log:746 150620 MainThread [INFO]  Received executor task 333
2025-04-17 00:49:02.891 worker_log:764 150620 MainThread [INFO]  Completed executor task 333
2025-04-17 00:49:04.813 worker_log:775 150620 MainThread [INFO]  All processing finished for executor task 333
2025-04-17 00:49:32.633 worker_log:746 150620 MainThread [INFO]  Received executor task 348
2025-04-17 00:49:47.754 worker_log:764 150620 MainThread [INFO]  Completed executor task 348
2025-04-17 00:49:49.102 worker_log:775 150620 MainThread [INFO]  All processing finished for executor task 348
2025-04-17 00:50:04.570 worker_log:746 150620 MainThread [INFO]  Received executor task 359
2025-04-17 00:50:23.758 worker_log:764 150620 MainThread [INFO]  Completed executor task 359
2025-04-17 00:50:25.977 worker_log:775 150620 MainThread [INFO]  All processing finished for executor task 359
2025-04-17 00:50:34.025 worker_log:746 150620 MainThread [INFO]  Received executor task 372
2025-04-17 00:50:54.057 worker_log:764 150620 MainThread [INFO]  Completed executor task 372
2025-04-17 00:50:55.868 worker_log:775 150620 MainThread [INFO]  All processing finished for executor task 372
2025-04-17 00:51:12.376 worker_log:746 150620 MainThread [INFO]  Received executor task 384
2025-04-17 00:51:26.189 worker_log:764 150620 MainThread [INFO]  Completed executor task 384
2025-04-17 00:51:28.580 worker_log:775 150620 MainThread [INFO]  All processing finished for executor task 384
2025-04-17 00:51:39.701 worker_log:746 150620 MainThread [INFO]  Received executor task 395
2025-04-17 00:51:54.917 worker_log:764 150620 MainThread [INFO]  Completed executor task 395
2025-04-17 00:51:55.994 worker_log:775 150620 MainThread [INFO]  All processing finished for executor task 395
2025-04-17 00:52:19.626 worker_log:746 150620 MainThread [INFO]  Received executor task 406
2025-04-17 00:52:33.811 worker_log:764 150620 MainThread [INFO]  Completed executor task 406
2025-04-17 00:52:35.737 worker_log:775 150620 MainThread [INFO]  All processing finished for executor task 406
2025-04-17 00:53:13.797 worker_log:746 150620 MainThread [INFO]  Received executor task 414
2025-04-17 00:53:34.036 worker_log:764 150620 MainThread [INFO]  Completed executor task 414
2025-04-17 00:53:36.986 worker_log:775 150620 MainThread [INFO]  All processing finished for executor task 414
2025-04-17 00:53:41.066 worker_log:746 150620 MainThread [INFO]  Received executor task 426
2025-04-17 00:53:56.564 worker_log:764 150620 MainThread [INFO]  Completed executor task 426
2025-04-17 00:53:57.608 worker_log:775 150620 MainThread [INFO]  All processing finished for executor task 426
2025-04-17 00:54:09.861 worker_log:746 150620 MainThread [INFO]  Received executor task 438
2025-04-17 00:54:29.544 worker_log:764 150620 MainThread [INFO]  Completed executor task 438
2025-04-17 00:54:30.635 worker_log:775 150620 MainThread [INFO]  All processing finished for executor task 438
2025-04-17 00:54:40.757 worker_log:746 150620 MainThread [INFO]  Received executor task 450
2025-04-17 00:54:59.565 worker_log:764 150620 MainThread [INFO]  Completed executor task 450
2025-04-17 00:55:01.002 worker_log:775 150620 MainThread [INFO]  All processing finished for executor task 450
2025-04-17 00:55:35.004 worker_log:746 150620 MainThread [INFO]  Received executor task 462
2025-04-17 00:55:56.600 worker_log:764 150620 MainThread [INFO]  Completed executor task 462
2025-04-17 00:55:59.613 worker_log:775 150620 MainThread [INFO]  All processing finished for executor task 462
2025-04-17 00:56:08.403 worker_log:746 150620 MainThread [INFO]  Received executor task 475
2025-04-17 00:56:24.925 worker_log:764 150620 MainThread [INFO]  Completed executor task 475
2025-04-17 00:56:26.606 worker_log:775 150620 MainThread [INFO]  All processing finished for executor task 475
