2025-04-17 00:29:56.719 worker_log:633 150624 MainThread [INFO]  Worker 6 started
2025-04-17 00:29:56.721 worker_log:635 150624 MainThread [DEBUG]  Debug logging enabled
2025-04-17 00:29:56.721 worker_log:690 150624 MainThread [INFO]  Set worker CPU affinity to [52, 53, 54, 55, 56, 57, 58, 59, 156, 157, 158, 159, 160, 161, 162, 163]
2025-04-17 00:29:56.725 worker_log:718 150624 MainThread [INFO]  Pinned worker to accelerator: 3.0
2025-04-17 00:30:24.286 worker_log:746 150624 MainThread [INFO]  Received executor task 5
2025-04-17 00:30:43.639 worker_log:633 151015 MainThread [INFO]  Worker 6 started
2025-04-17 00:30:43.640 worker_log:635 151015 MainThread [DEBUG]  Debug logging enabled
2025-04-17 00:30:43.640 worker_log:690 151015 MainThread [INFO]  Set worker CPU affinity to [52, 53, 54, 55, 56, 57, 58, 59, 156, 157, 158, 159, 160, 161, 162, 163]
2025-04-17 00:30:43.646 worker_log:718 151015 MainThread [INFO]  Pinned worker to accelerator: 3.0
2025-04-17 00:30:49.692 worker_log:746 151015 MainThread [INFO]  Received executor task 18
2025-04-17 00:31:00.241 worker_log:633 151083 MainThread [INFO]  Worker 6 started
2025-04-17 00:31:00.241 worker_log:635 151083 MainThread [DEBUG]  Debug logging enabled
2025-04-17 00:31:00.241 worker_log:690 151083 MainThread [INFO]  Set worker CPU affinity to [52, 53, 54, 55, 56, 57, 58, 59, 156, 157, 158, 159, 160, 161, 162, 163]
2025-04-17 00:31:00.248 worker_log:718 151083 MainThread [INFO]  Pinned worker to accelerator: 3.0
2025-04-17 00:31:02.696 worker_log:746 151083 MainThread [INFO]  Received executor task 23
2025-04-17 00:31:16.995 worker_log:633 151173 MainThread [INFO]  Worker 6 started
2025-04-17 00:31:16.995 worker_log:635 151173 MainThread [DEBUG]  Debug logging enabled
2025-04-17 00:31:16.996 worker_log:690 151173 MainThread [INFO]  Set worker CPU affinity to [52, 53, 54, 55, 56, 57, 58, 59, 156, 157, 158, 159, 160, 161, 162, 163]
2025-04-17 00:31:17.001 worker_log:718 151173 MainThread [INFO]  Pinned worker to accelerator: 3.0
2025-04-17 00:31:22.660 worker_log:746 151173 MainThread [INFO]  Received executor task 33
2025-04-17 00:31:33.397 worker_log:633 151269 MainThread [INFO]  Worker 6 started
2025-04-17 00:31:33.397 worker_log:635 151269 MainThread [DEBUG]  Debug logging enabled
2025-04-17 00:31:33.397 worker_log:690 151269 MainThread [INFO]  Set worker CPU affinity to [52, 53, 54, 55, 56, 57, 58, 59, 156, 157, 158, 159, 160, 161, 162, 163]
2025-04-17 00:31:33.403 worker_log:718 151269 MainThread [INFO]  Pinned worker to accelerator: 3.0
2025-04-17 00:31:40.226 worker_log:746 151269 MainThread [INFO]  Received executor task 41
2025-04-17 00:31:50.100 worker_log:633 151355 MainThread [INFO]  Worker 6 started
2025-04-17 00:31:50.100 worker_log:635 151355 MainThread [DEBUG]  Debug logging enabled
2025-04-17 00:31:50.100 worker_log:690 151355 MainThread [INFO]  Set worker CPU affinity to [52, 53, 54, 55, 56, 57, 58, 59, 156, 157, 158, 159, 160, 161, 162, 163]
2025-04-17 00:31:50.106 worker_log:718 151355 MainThread [INFO]  Pinned worker to accelerator: 3.0
2025-04-17 00:31:56.468 worker_log:746 151355 MainThread [INFO]  Received executor task 49
2025-04-17 00:32:06.443 worker_log:633 151447 MainThread [INFO]  Worker 6 started
2025-04-17 00:32:06.443 worker_log:635 151447 MainThread [DEBUG]  Debug logging enabled
2025-04-17 00:32:06.443 worker_log:690 151447 MainThread [INFO]  Set worker CPU affinity to [52, 53, 54, 55, 56, 57, 58, 59, 156, 157, 158, 159, 160, 161, 162, 163]
2025-04-17 00:32:06.448 worker_log:718 151447 MainThread [INFO]  Pinned worker to accelerator: 3.0
2025-04-17 00:32:12.781 worker_log:746 151447 MainThread [INFO]  Received executor task 57
2025-04-17 00:32:22.979 worker_log:633 151537 MainThread [INFO]  Worker 6 started
2025-04-17 00:32:22.979 worker_log:635 151537 MainThread [DEBUG]  Debug logging enabled
2025-04-17 00:32:22.979 worker_log:690 151537 MainThread [INFO]  Set worker CPU affinity to [52, 53, 54, 55, 56, 57, 58, 59, 156, 157, 158, 159, 160, 161, 162, 163]
2025-04-17 00:32:22.985 worker_log:718 151537 MainThread [INFO]  Pinned worker to accelerator: 3.0
2025-04-17 00:32:28.931 worker_log:746 151537 MainThread [INFO]  Received executor task 65
2025-04-17 00:32:38.962 worker_log:633 151827 MainThread [INFO]  Worker 6 started
2025-04-17 00:32:38.962 worker_log:635 151827 MainThread [DEBUG]  Debug logging enabled
2025-04-17 00:32:38.962 worker_log:690 151827 MainThread [INFO]  Set worker CPU affinity to [52, 53, 54, 55, 56, 57, 58, 59, 156, 157, 158, 159, 160, 161, 162, 163]
2025-04-17 00:32:38.967 worker_log:718 151827 MainThread [INFO]  Pinned worker to accelerator: 3.0
2025-04-17 00:32:49.349 worker_log:746 151827 MainThread [INFO]  Received executor task 74
2025-04-17 00:33:10.346 worker_log:633 151962 MainThread [INFO]  Worker 6 started
2025-04-17 00:33:10.346 worker_log:635 151962 MainThread [DEBUG]  Debug logging enabled
2025-04-17 00:33:10.346 worker_log:690 151962 MainThread [INFO]  Set worker CPU affinity to [52, 53, 54, 55, 56, 57, 58, 59, 156, 157, 158, 159, 160, 161, 162, 163]
2025-04-17 00:33:10.352 worker_log:718 151962 MainThread [INFO]  Pinned worker to accelerator: 3.0
2025-04-17 00:33:23.592 worker_log:746 151962 MainThread [INFO]  Received executor task 88
2025-04-17 00:33:44.089 worker_log:633 152058 MainThread [INFO]  Worker 6 started
2025-04-17 00:33:44.090 worker_log:635 152058 MainThread [DEBUG]  Debug logging enabled
2025-04-17 00:33:44.090 worker_log:690 152058 MainThread [INFO]  Set worker CPU affinity to [52, 53, 54, 55, 56, 57, 58, 59, 156, 157, 158, 159, 160, 161, 162, 163]
2025-04-17 00:33:44.095 worker_log:718 152058 MainThread [INFO]  Pinned worker to accelerator: 3.0
2025-04-17 00:34:21.473 worker_log:746 152058 MainThread [INFO]  Received executor task 106
2025-04-17 00:34:37.016 worker_log:633 152534 MainThread [INFO]  Worker 6 started
2025-04-17 00:34:37.016 worker_log:635 152534 MainThread [DEBUG]  Debug logging enabled
2025-04-17 00:34:37.016 worker_log:690 152534 MainThread [INFO]  Set worker CPU affinity to [52, 53, 54, 55, 56, 57, 58, 59, 156, 157, 158, 159, 160, 161, 162, 163]
2025-04-17 00:34:37.021 worker_log:718 152534 MainThread [INFO]  Pinned worker to accelerator: 3.0
2025-04-17 00:35:00.871 worker_log:746 152534 MainThread [INFO]  Received executor task 119
2025-04-17 00:35:13.653 worker_log:633 153041 MainThread [INFO]  Worker 6 started
2025-04-17 00:35:13.653 worker_log:635 153041 MainThread [DEBUG]  Debug logging enabled
2025-04-17 00:35:13.653 worker_log:690 153041 MainThread [INFO]  Set worker CPU affinity to [52, 53, 54, 55, 56, 57, 58, 59, 156, 157, 158, 159, 160, 161, 162, 163]
2025-04-17 00:35:13.658 worker_log:718 153041 MainThread [INFO]  Pinned worker to accelerator: 3.0
2025-04-17 00:35:28.378 worker_log:746 153041 MainThread [INFO]  Received executor task 130
2025-04-17 00:35:46.521 worker_log:633 153145 MainThread [INFO]  Worker 6 started
2025-04-17 00:35:46.521 worker_log:635 153145 MainThread [DEBUG]  Debug logging enabled
2025-04-17 00:35:46.522 worker_log:690 153145 MainThread [INFO]  Set worker CPU affinity to [52, 53, 54, 55, 56, 57, 58, 59, 156, 157, 158, 159, 160, 161, 162, 163]
2025-04-17 00:35:46.526 worker_log:718 153145 MainThread [INFO]  Pinned worker to accelerator: 3.0
2025-04-17 00:36:57.507 worker_log:746 153145 MainThread [INFO]  Received executor task 150
2025-04-17 00:37:07.581 worker_log:633 153277 MainThread [INFO]  Worker 6 started
2025-04-17 00:37:07.581 worker_log:635 153277 MainThread [DEBUG]  Debug logging enabled
2025-04-17 00:37:07.581 worker_log:690 153277 MainThread [INFO]  Set worker CPU affinity to [52, 53, 54, 55, 56, 57, 58, 59, 156, 157, 158, 159, 160, 161, 162, 163]
2025-04-17 00:37:07.587 worker_log:718 153277 MainThread [INFO]  Pinned worker to accelerator: 3.0
2025-04-17 00:37:20.077 worker_log:746 153277 MainThread [INFO]  Received executor task 155
2025-04-17 00:37:41.704 worker_log:633 153337 MainThread [INFO]  Worker 6 started
2025-04-17 00:37:41.704 worker_log:635 153337 MainThread [DEBUG]  Debug logging enabled
2025-04-17 00:37:41.704 worker_log:690 153337 MainThread [INFO]  Set worker CPU affinity to [52, 53, 54, 55, 56, 57, 58, 59, 156, 157, 158, 159, 160, 161, 162, 163]
2025-04-17 00:37:41.710 worker_log:718 153337 MainThread [INFO]  Pinned worker to accelerator: 3.0
2025-04-17 00:37:51.745 worker_log:746 153337 MainThread [INFO]  Received executor task 166
2025-04-17 00:37:59.450 worker_log:633 153421 MainThread [INFO]  Worker 6 started
2025-04-17 00:37:59.450 worker_log:635 153421 MainThread [DEBUG]  Debug logging enabled
2025-04-17 00:37:59.450 worker_log:690 153421 MainThread [INFO]  Set worker CPU affinity to [52, 53, 54, 55, 56, 57, 58, 59, 156, 157, 158, 159, 160, 161, 162, 163]
2025-04-17 00:37:59.455 worker_log:718 153421 MainThread [INFO]  Pinned worker to accelerator: 3.0
2025-04-17 00:38:32.099 worker_log:746 153421 MainThread [INFO]  Received executor task 179
2025-04-17 00:38:53.042 worker_log:633 153562 MainThread [INFO]  Worker 6 started
2025-04-17 00:38:53.043 worker_log:635 153562 MainThread [DEBUG]  Debug logging enabled
2025-04-17 00:38:53.043 worker_log:690 153562 MainThread [INFO]  Set worker CPU affinity to [52, 53, 54, 55, 56, 57, 58, 59, 156, 157, 158, 159, 160, 161, 162, 163]
2025-04-17 00:38:53.048 worker_log:718 153562 MainThread [INFO]  Pinned worker to accelerator: 3.0
2025-04-17 00:39:04.902 worker_log:746 153562 MainThread [INFO]  Received executor task 192
2025-04-17 00:39:28.102 worker_log:633 153661 MainThread [INFO]  Worker 6 started
2025-04-17 00:39:28.102 worker_log:635 153661 MainThread [DEBUG]  Debug logging enabled
2025-04-17 00:39:28.103 worker_log:690 153661 MainThread [INFO]  Set worker CPU affinity to [52, 53, 54, 55, 56, 57, 58, 59, 156, 157, 158, 159, 160, 161, 162, 163]
2025-04-17 00:39:28.108 worker_log:718 153661 MainThread [INFO]  Pinned worker to accelerator: 3.0
2025-04-17 00:39:47.499 worker_log:746 153661 MainThread [INFO]  Received executor task 207
2025-04-17 00:40:05.480 worker_log:633 153749 MainThread [INFO]  Worker 6 started
2025-04-17 00:40:05.480 worker_log:635 153749 MainThread [DEBUG]  Debug logging enabled
2025-04-17 00:40:05.480 worker_log:690 153749 MainThread [INFO]  Set worker CPU affinity to [52, 53, 54, 55, 56, 57, 58, 59, 156, 157, 158, 159, 160, 161, 162, 163]
2025-04-17 00:40:05.484 worker_log:718 153749 MainThread [INFO]  Pinned worker to accelerator: 3.0
2025-04-17 00:40:19.006 worker_log:746 153749 MainThread [INFO]  Received executor task 214
2025-04-17 00:40:41.628 worker_log:633 153835 MainThread [INFO]  Worker 6 started
2025-04-17 00:40:41.628 worker_log:635 153835 MainThread [DEBUG]  Debug logging enabled
2025-04-17 00:40:41.628 worker_log:690 153835 MainThread [INFO]  Set worker CPU affinity to [52, 53, 54, 55, 56, 57, 58, 59, 156, 157, 158, 159, 160, 161, 162, 163]
2025-04-17 00:40:41.632 worker_log:718 153835 MainThread [INFO]  Pinned worker to accelerator: 3.0
2025-04-17 00:41:36.906 worker_log:746 153835 MainThread [INFO]  Received executor task 231
2025-04-17 00:41:47.207 worker_log:633 154311 MainThread [INFO]  Worker 6 started
2025-04-17 00:41:47.208 worker_log:635 154311 MainThread [DEBUG]  Debug logging enabled
2025-04-17 00:41:47.208 worker_log:690 154311 MainThread [INFO]  Set worker CPU affinity to [52, 53, 54, 55, 56, 57, 58, 59, 156, 157, 158, 159, 160, 161, 162, 163]
2025-04-17 00:41:47.213 worker_log:718 154311 MainThread [INFO]  Pinned worker to accelerator: 3.0
2025-04-17 00:41:54.190 worker_log:746 154311 MainThread [INFO]  Received executor task 234
2025-04-17 00:42:06.378 worker_log:633 154395 MainThread [INFO]  Worker 6 started
2025-04-17 00:42:06.378 worker_log:635 154395 MainThread [DEBUG]  Debug logging enabled
2025-04-17 00:42:06.379 worker_log:690 154395 MainThread [INFO]  Set worker CPU affinity to [52, 53, 54, 55, 56, 57, 58, 59, 156, 157, 158, 159, 160, 161, 162, 163]
2025-04-17 00:42:06.384 worker_log:718 154395 MainThread [INFO]  Pinned worker to accelerator: 3.0
2025-04-17 00:42:21.030 worker_log:746 154395 MainThread [INFO]  Received executor task 246
2025-04-17 00:42:40.577 worker_log:633 154491 MainThread [INFO]  Worker 6 started
2025-04-17 00:42:40.577 worker_log:635 154491 MainThread [DEBUG]  Debug logging enabled
2025-04-17 00:42:40.577 worker_log:690 154491 MainThread [INFO]  Set worker CPU affinity to [52, 53, 54, 55, 56, 57, 58, 59, 156, 157, 158, 159, 160, 161, 162, 163]
2025-04-17 00:42:40.582 worker_log:718 154491 MainThread [INFO]  Pinned worker to accelerator: 3.0
2025-04-17 00:42:53.498 worker_log:746 154491 MainThread [INFO]  Received executor task 257
2025-04-17 00:43:12.834 worker_log:633 154578 MainThread [INFO]  Worker 6 started
2025-04-17 00:43:12.834 worker_log:635 154578 MainThread [DEBUG]  Debug logging enabled
2025-04-17 00:43:12.834 worker_log:690 154578 MainThread [INFO]  Set worker CPU affinity to [52, 53, 54, 55, 56, 57, 58, 59, 156, 157, 158, 159, 160, 161, 162, 163]
2025-04-17 00:43:12.839 worker_log:718 154578 MainThread [INFO]  Pinned worker to accelerator: 3.0
2025-04-17 00:43:33.875 worker_log:746 154578 MainThread [INFO]  Received executor task 264
2025-04-17 00:43:45.597 worker_log:633 155035 MainThread [INFO]  Worker 6 started
2025-04-17 00:43:45.597 worker_log:635 155035 MainThread [DEBUG]  Debug logging enabled
2025-04-17 00:43:45.597 worker_log:690 155035 MainThread [INFO]  Set worker CPU affinity to [52, 53, 54, 55, 56, 57, 58, 59, 156, 157, 158, 159, 160, 161, 162, 163]
2025-04-17 00:43:45.604 worker_log:718 155035 MainThread [INFO]  Pinned worker to accelerator: 3.0
2025-04-17 00:43:51.089 worker_log:746 155035 MainThread [INFO]  Received executor task 274
2025-04-17 00:44:04.028 worker_log:633 155099 MainThread [INFO]  Worker 6 started
2025-04-17 00:44:04.028 worker_log:635 155099 MainThread [DEBUG]  Debug logging enabled
2025-04-17 00:44:04.028 worker_log:690 155099 MainThread [INFO]  Set worker CPU affinity to [52, 53, 54, 55, 56, 57, 58, 59, 156, 157, 158, 159, 160, 161, 162, 163]
2025-04-17 00:44:04.033 worker_log:718 155099 MainThread [INFO]  Pinned worker to accelerator: 3.0
2025-04-17 00:44:16.809 worker_log:746 155099 MainThread [INFO]  Received executor task 281
2025-04-17 00:44:38.082 worker_log:633 155197 MainThread [INFO]  Worker 6 started
2025-04-17 00:44:38.082 worker_log:635 155197 MainThread [DEBUG]  Debug logging enabled
2025-04-17 00:44:38.082 worker_log:690 155197 MainThread [INFO]  Set worker CPU affinity to [52, 53, 54, 55, 56, 57, 58, 59, 156, 157, 158, 159, 160, 161, 162, 163]
2025-04-17 00:44:38.088 worker_log:718 155197 MainThread [INFO]  Pinned worker to accelerator: 3.0
2025-04-17 00:44:57.372 worker_log:746 155197 MainThread [INFO]  Received executor task 294
2025-04-17 00:45:11.101 worker_log:633 155318 MainThread [INFO]  Worker 6 started
2025-04-17 00:45:11.101 worker_log:635 155318 MainThread [DEBUG]  Debug logging enabled
2025-04-17 00:45:11.101 worker_log:690 155318 MainThread [INFO]  Set worker CPU affinity to [52, 53, 54, 55, 56, 57, 58, 59, 156, 157, 158, 159, 160, 161, 162, 163]
2025-04-17 00:45:11.107 worker_log:718 155318 MainThread [INFO]  Pinned worker to accelerator: 3.0
2025-04-17 00:45:43.925 worker_log:746 155318 MainThread [INFO]  Received executor task 303
2025-04-17 00:46:03.080 worker_log:633 155414 MainThread [INFO]  Worker 6 started
2025-04-17 00:46:03.080 worker_log:635 155414 MainThread [DEBUG]  Debug logging enabled
2025-04-17 00:46:03.080 worker_log:690 155414 MainThread [INFO]  Set worker CPU affinity to [52, 53, 54, 55, 56, 57, 58, 59, 156, 157, 158, 159, 160, 161, 162, 163]
2025-04-17 00:46:03.084 worker_log:718 155414 MainThread [INFO]  Pinned worker to accelerator: 3.0
2025-04-17 00:46:13.997 worker_log:746 155414 MainThread [INFO]  Received executor task 313
2025-04-17 00:46:35.638 worker_log:633 155538 MainThread [INFO]  Worker 6 started
2025-04-17 00:46:35.638 worker_log:635 155538 MainThread [DEBUG]  Debug logging enabled
2025-04-17 00:46:35.638 worker_log:690 155538 MainThread [INFO]  Set worker CPU affinity to [52, 53, 54, 55, 56, 57, 58, 59, 156, 157, 158, 159, 160, 161, 162, 163]
2025-04-17 00:46:35.642 worker_log:718 155538 MainThread [INFO]  Pinned worker to accelerator: 3.0
2025-04-17 00:48:23.731 worker_log:746 155538 MainThread [INFO]  Received executor task 328
2025-04-17 00:48:43.820 worker_log:633 156037 MainThread [INFO]  Worker 6 started
2025-04-17 00:48:43.820 worker_log:635 156037 MainThread [DEBUG]  Debug logging enabled
2025-04-17 00:48:43.820 worker_log:690 156037 MainThread [INFO]  Set worker CPU affinity to [52, 53, 54, 55, 56, 57, 58, 59, 156, 157, 158, 159, 160, 161, 162, 163]
2025-04-17 00:48:43.825 worker_log:718 156037 MainThread [INFO]  Pinned worker to accelerator: 3.0
2025-04-17 00:48:52.313 worker_log:746 156037 MainThread [INFO]  Received executor task 337
2025-04-17 00:49:07.616 worker_log:633 156085 MainThread [INFO]  Worker 6 started
2025-04-17 00:49:07.616 worker_log:635 156085 MainThread [DEBUG]  Debug logging enabled
2025-04-17 00:49:07.616 worker_log:690 156085 MainThread [INFO]  Set worker CPU affinity to [52, 53, 54, 55, 56, 57, 58, 59, 156, 157, 158, 159, 160, 161, 162, 163]
2025-04-17 00:49:07.620 worker_log:718 156085 MainThread [INFO]  Pinned worker to accelerator: 3.0
2025-04-17 00:49:34.125 worker_log:746 156085 MainThread [INFO]  Received executor task 349
2025-04-17 00:49:41.261 worker_log:633 156174 MainThread [INFO]  Worker 6 started
2025-04-17 00:49:41.262 worker_log:635 156174 MainThread [DEBUG]  Debug logging enabled
2025-04-17 00:49:41.262 worker_log:690 156174 MainThread [INFO]  Set worker CPU affinity to [52, 53, 54, 55, 56, 57, 58, 59, 156, 157, 158, 159, 160, 161, 162, 163]
2025-04-17 00:49:41.266 worker_log:718 156174 MainThread [INFO]  Pinned worker to accelerator: 3.0
2025-04-17 00:49:59.770 worker_log:746 156174 MainThread [INFO]  Received executor task 358
2025-04-17 00:50:14.833 worker_log:633 156262 MainThread [INFO]  Worker 6 started
2025-04-17 00:50:14.833 worker_log:635 156262 MainThread [DEBUG]  Debug logging enabled
2025-04-17 00:50:14.833 worker_log:690 156262 MainThread [INFO]  Set worker CPU affinity to [52, 53, 54, 55, 56, 57, 58, 59, 156, 157, 158, 159, 160, 161, 162, 163]
2025-04-17 00:50:14.837 worker_log:718 156262 MainThread [INFO]  Pinned worker to accelerator: 3.0
2025-04-17 00:50:28.240 worker_log:746 156262 MainThread [INFO]  Received executor task 370
2025-04-17 00:50:47.627 worker_log:633 156366 MainThread [INFO]  Worker 6 started
2025-04-17 00:50:47.628 worker_log:635 156366 MainThread [DEBUG]  Debug logging enabled
2025-04-17 00:50:47.628 worker_log:690 156366 MainThread [INFO]  Set worker CPU affinity to [52, 53, 54, 55, 56, 57, 58, 59, 156, 157, 158, 159, 160, 161, 162, 163]
2025-04-17 00:50:47.632 worker_log:718 156366 MainThread [INFO]  Pinned worker to accelerator: 3.0
2025-04-17 00:51:01.051 worker_log:746 156366 MainThread [INFO]  Received executor task 383
2025-04-17 00:51:20.428 worker_log:633 156829 MainThread [INFO]  Worker 6 started
2025-04-17 00:51:20.428 worker_log:635 156829 MainThread [DEBUG]  Debug logging enabled
2025-04-17 00:51:20.429 worker_log:690 156829 MainThread [INFO]  Set worker CPU affinity to [52, 53, 54, 55, 56, 57, 58, 59, 156, 157, 158, 159, 160, 161, 162, 163]
2025-04-17 00:51:20.433 worker_log:718 156829 MainThread [INFO]  Pinned worker to accelerator: 3.0
2025-04-17 00:51:36.877 worker_log:746 156829 MainThread [INFO]  Received executor task 394
2025-04-17 00:51:53.660 worker_log:633 156929 MainThread [INFO]  Worker 6 started
2025-04-17 00:51:53.660 worker_log:635 156929 MainThread [DEBUG]  Debug logging enabled
2025-04-17 00:51:53.661 worker_log:690 156929 MainThread [INFO]  Set worker CPU affinity to [52, 53, 54, 55, 56, 57, 58, 59, 156, 157, 158, 159, 160, 161, 162, 163]
2025-04-17 00:51:53.665 worker_log:718 156929 MainThread [INFO]  Pinned worker to accelerator: 3.0
2025-04-17 00:52:21.586 worker_log:746 156929 MainThread [INFO]  Received executor task 407
2025-04-17 00:52:42.999 worker_log:633 157066 MainThread [INFO]  Worker 6 started
2025-04-17 00:52:43.000 worker_log:635 157066 MainThread [DEBUG]  Debug logging enabled
2025-04-17 00:52:43.000 worker_log:690 157066 MainThread [INFO]  Set worker CPU affinity to [52, 53, 54, 55, 56, 57, 58, 59, 156, 157, 158, 159, 160, 161, 162, 163]
2025-04-17 00:52:43.004 worker_log:718 157066 MainThread [INFO]  Pinned worker to accelerator: 3.0
2025-04-17 00:53:17.106 worker_log:746 157066 MainThread [INFO]  Received executor task 416
2025-04-17 00:53:31.624 worker_log:633 157169 MainThread [INFO]  Worker 6 started
2025-04-17 00:53:31.624 worker_log:635 157169 MainThread [DEBUG]  Debug logging enabled
2025-04-17 00:53:31.624 worker_log:690 157169 MainThread [INFO]  Set worker CPU affinity to [52, 53, 54, 55, 56, 57, 58, 59, 156, 157, 158, 159, 160, 161, 162, 163]
2025-04-17 00:53:31.630 worker_log:718 157169 MainThread [INFO]  Pinned worker to accelerator: 3.0
2025-04-17 00:53:36.597 worker_log:746 157169 MainThread [INFO]  Received executor task 425
2025-04-17 00:53:51.165 worker_log:633 157217 MainThread [INFO]  Worker 6 started
2025-04-17 00:53:51.165 worker_log:635 157217 MainThread [DEBUG]  Debug logging enabled
2025-04-17 00:53:51.165 worker_log:690 157217 MainThread [INFO]  Set worker CPU affinity to [52, 53, 54, 55, 56, 57, 58, 59, 156, 157, 158, 159, 160, 161, 162, 163]
2025-04-17 00:53:51.170 worker_log:718 157217 MainThread [INFO]  Pinned worker to accelerator: 3.0
2025-04-17 00:54:09.193 worker_log:746 157217 MainThread [INFO]  Received executor task 436
2025-04-17 00:54:28.048 worker_log:633 157303 MainThread [INFO]  Worker 6 started
2025-04-17 00:54:28.048 worker_log:635 157303 MainThread [DEBUG]  Debug logging enabled
2025-04-17 00:54:28.048 worker_log:690 157303 MainThread [INFO]  Set worker CPU affinity to [52, 53, 54, 55, 56, 57, 58, 59, 156, 157, 158, 159, 160, 161, 162, 163]
2025-04-17 00:54:28.053 worker_log:718 157303 MainThread [INFO]  Pinned worker to accelerator: 3.0
2025-04-17 00:54:39.035 worker_log:746 157303 MainThread [INFO]  Received executor task 448
2025-04-17 00:54:47.245 worker_log:633 157399 MainThread [INFO]  Worker 6 started
2025-04-17 00:54:47.245 worker_log:635 157399 MainThread [DEBUG]  Debug logging enabled
2025-04-17 00:54:47.245 worker_log:690 157399 MainThread [INFO]  Set worker CPU affinity to [52, 53, 54, 55, 56, 57, 58, 59, 156, 157, 158, 159, 160, 161, 162, 163]
2025-04-17 00:54:47.251 worker_log:718 157399 MainThread [INFO]  Pinned worker to accelerator: 3.0
2025-04-17 00:55:42.745 worker_log:746 157399 MainThread [INFO]  Received executor task 467
2025-04-17 00:55:55.759 worker_log:633 157546 MainThread [INFO]  Worker 6 started
2025-04-17 00:55:55.760 worker_log:635 157546 MainThread [DEBUG]  Debug logging enabled
2025-04-17 00:55:55.760 worker_log:690 157546 MainThread [INFO]  Set worker CPU affinity to [52, 53, 54, 55, 56, 57, 58, 59, 156, 157, 158, 159, 160, 161, 162, 163]
2025-04-17 00:55:55.766 worker_log:718 157546 MainThread [INFO]  Pinned worker to accelerator: 3.0
2025-04-17 00:56:02.916 worker_log:746 157546 MainThread [INFO]  Received executor task 472
2025-04-17 00:56:15.097 worker_log:633 157628 MainThread [INFO]  Worker 6 started
2025-04-17 00:56:15.097 worker_log:635 157628 MainThread [DEBUG]  Debug logging enabled
2025-04-17 00:56:15.097 worker_log:690 157628 MainThread [INFO]  Set worker CPU affinity to [52, 53, 54, 55, 56, 57, 58, 59, 156, 157, 158, 159, 160, 161, 162, 163]
2025-04-17 00:56:15.101 worker_log:718 157628 MainThread [INFO]  Pinned worker to accelerator: 3.0
2025-04-17 00:56:30.954 worker_log:746 157628 MainThread [INFO]  Received executor task 484
2025-04-17 00:56:49.036 worker_log:633 157716 MainThread [INFO]  Worker 6 started
2025-04-17 00:56:49.036 worker_log:635 157716 MainThread [DEBUG]  Debug logging enabled
2025-04-17 00:56:49.037 worker_log:690 157716 MainThread [INFO]  Set worker CPU affinity to [52, 53, 54, 55, 56, 57, 58, 59, 156, 157, 158, 159, 160, 161, 162, 163]
2025-04-17 00:56:49.042 worker_log:718 157716 MainThread [INFO]  Pinned worker to accelerator: 3.0
