2025-04-17 00:29:56.729 worker_log:633 150626 MainThread [INFO]  Worker 8 started
2025-04-17 00:29:56.731 worker_log:635 150626 MainThread [DEBUG]  Debug logging enabled
2025-04-17 00:29:56.731 worker_log:690 150626 MainThread [INFO]  Set worker CPU affinity to [68, 69, 70, 71, 72, 73, 74, 75, 172, 173, 174, 175, 176, 177, 178, 179]
2025-04-17 00:29:56.737 worker_log:718 150626 MainThread [INFO]  Pinned worker to accelerator: 4.0
2025-04-17 00:30:33.245 worker_log:746 150626 MainThread [INFO]  Received executor task 10
2025-04-17 00:30:59.567 worker_log:764 150626 MainThread [INFO]  Completed executor task 10
2025-04-17 00:31:00.412 worker_log:775 150626 MainThread [INFO]  All processing finished for executor task 10
2025-04-17 00:31:04.254 worker_log:746 150626 MainThread [INFO]  Received executor task 24
2025-04-17 00:31:24.866 worker_log:764 150626 MainThread [INFO]  Completed executor task 24
2025-04-17 00:31:25.730 worker_log:775 150626 MainThread [INFO]  All processing finished for executor task 24
2025-04-17 00:31:30.396 worker_log:746 150626 MainThread [INFO]  Received executor task 36
2025-04-17 00:31:50.703 worker_log:764 150626 MainThread [INFO]  Completed executor task 36
2025-04-17 00:31:51.449 worker_log:775 150626 MainThread [INFO]  All processing finished for executor task 36
2025-04-17 00:31:58.593 worker_log:746 150626 MainThread [INFO]  Received executor task 50
2025-04-17 00:32:18.195 worker_log:764 150626 MainThread [INFO]  Completed executor task 50
2025-04-17 00:32:18.911 worker_log:775 150626 MainThread [INFO]  All processing finished for executor task 50
2025-04-17 00:32:23.589 worker_log:746 150626 MainThread [INFO]  Received executor task 62
2025-04-17 00:32:40.391 worker_log:764 150626 MainThread [INFO]  Completed executor task 62
2025-04-17 00:32:41.179 worker_log:775 150626 MainThread [INFO]  All processing finished for executor task 62
2025-04-17 00:32:51.496 worker_log:746 150626 MainThread [INFO]  Received executor task 75
2025-04-17 00:33:09.121 worker_log:764 150626 MainThread [INFO]  Completed executor task 75
2025-04-17 00:33:09.891 worker_log:775 150626 MainThread [INFO]  All processing finished for executor task 75
2025-04-17 00:33:19.012 worker_log:746 150626 MainThread [INFO]  Received executor task 86
2025-04-17 00:33:34.634 worker_log:764 150626 MainThread [INFO]  Completed executor task 86
2025-04-17 00:33:35.650 worker_log:775 150626 MainThread [INFO]  All processing finished for executor task 86
2025-04-17 00:33:52.968 worker_log:746 150626 MainThread [INFO]  Received executor task 98
2025-04-17 00:34:08.194 worker_log:764 150626 MainThread [INFO]  Completed executor task 98
2025-04-17 00:34:09.768 worker_log:775 150626 MainThread [INFO]  All processing finished for executor task 98
2025-04-17 00:34:23.502 worker_log:746 150626 MainThread [INFO]  Received executor task 108
2025-04-17 00:34:37.536 worker_log:764 150626 MainThread [INFO]  Completed executor task 108
2025-04-17 00:34:38.541 worker_log:775 150626 MainThread [INFO]  All processing finished for executor task 108
2025-04-17 00:35:02.258 worker_log:746 150626 MainThread [INFO]  Received executor task 120
2025-04-17 00:35:15.959 worker_log:764 150626 MainThread [INFO]  Completed executor task 120
2025-04-17 00:35:17.037 worker_log:775 150626 MainThread [INFO]  All processing finished for executor task 120
2025-04-17 00:35:33.902 worker_log:746 150626 MainThread [INFO]  Received executor task 133
2025-04-17 00:35:48.622 worker_log:764 150626 MainThread [INFO]  Completed executor task 133
2025-04-17 00:35:49.800 worker_log:775 150626 MainThread [INFO]  All processing finished for executor task 133
2025-04-17 00:36:50.828 worker_log:746 150626 MainThread [INFO]  Received executor task 147
2025-04-17 00:37:15.022 worker_log:764 150626 MainThread [INFO]  Completed executor task 147
2025-04-17 00:37:16.806 worker_log:775 150626 MainThread [INFO]  All processing finished for executor task 147
2025-04-17 00:37:25.370 worker_log:746 150626 MainThread [INFO]  Received executor task 159
2025-04-17 00:37:44.783 worker_log:764 150626 MainThread [INFO]  Completed executor task 159
2025-04-17 00:37:46.950 worker_log:775 150626 MainThread [INFO]  All processing finished for executor task 159
2025-04-17 00:38:33.306 worker_log:746 150626 MainThread [INFO]  Received executor task 180
2025-04-17 00:38:52.336 worker_log:764 150626 MainThread [INFO]  Completed executor task 180
2025-04-17 00:38:54.712 worker_log:775 150626 MainThread [INFO]  All processing finished for executor task 180
2025-04-17 00:39:05.870 worker_log:746 150626 MainThread [INFO]  Received executor task 193
2025-04-17 00:39:20.452 worker_log:764 150626 MainThread [INFO]  Completed executor task 193
2025-04-17 00:39:23.097 worker_log:775 150626 MainThread [INFO]  All processing finished for executor task 193
2025-04-17 00:39:33.599 worker_log:746 150626 MainThread [INFO]  Received executor task 203
2025-04-17 00:39:53.093 worker_log:764 150626 MainThread [INFO]  Completed executor task 203
2025-04-17 00:39:54.364 worker_log:775 150626 MainThread [INFO]  All processing finished for executor task 203
2025-04-17 00:40:47.402 worker_log:746 150626 MainThread [INFO]  Received executor task 217
2025-04-17 00:41:05.522 worker_log:764 150626 MainThread [INFO]  Completed executor task 217
2025-04-17 00:41:11.106 worker_log:775 150626 MainThread [INFO]  All processing finished for executor task 217
2025-04-17 00:41:31.689 worker_log:746 150626 MainThread [INFO]  Received executor task 229
2025-04-17 00:41:55.310 worker_log:764 150626 MainThread [INFO]  Completed executor task 229
2025-04-17 00:41:57.222 worker_log:775 150626 MainThread [INFO]  All processing finished for executor task 229
2025-04-17 00:42:07.916 worker_log:746 150626 MainThread [INFO]  Received executor task 241
2025-04-17 00:42:25.172 worker_log:764 150626 MainThread [INFO]  Completed executor task 241
2025-04-17 00:42:26.199 worker_log:775 150626 MainThread [INFO]  All processing finished for executor task 241
2025-04-17 00:42:43.759 worker_log:746 150626 MainThread [INFO]  Received executor task 252
2025-04-17 00:42:59.890 worker_log:764 150626 MainThread [INFO]  Completed executor task 252
2025-04-17 00:43:01.448 worker_log:775 150626 MainThread [INFO]  All processing finished for executor task 252
2025-04-17 00:43:34.174 worker_log:746 150626 MainThread [INFO]  Received executor task 265
2025-04-17 00:43:58.304 worker_log:764 150626 MainThread [INFO]  Completed executor task 265
2025-04-17 00:44:00.700 worker_log:775 150626 MainThread [INFO]  All processing finished for executor task 265
2025-04-17 00:44:12.048 worker_log:746 150626 MainThread [INFO]  Received executor task 278
2025-04-17 00:44:28.302 worker_log:764 150626 MainThread [INFO]  Completed executor task 278
2025-04-17 00:44:31.556 worker_log:775 150626 MainThread [INFO]  All processing finished for executor task 278
2025-04-17 00:44:49.101 worker_log:746 150626 MainThread [INFO]  Received executor task 291
2025-04-17 00:45:08.494 worker_log:764 150626 MainThread [INFO]  Completed executor task 291
2025-04-17 00:45:09.918 worker_log:775 150626 MainThread [INFO]  All processing finished for executor task 291
2025-04-17 00:45:42.304 worker_log:746 150626 MainThread [INFO]  Received executor task 302
2025-04-17 00:45:55.631 worker_log:764 150626 MainThread [INFO]  Completed executor task 302
2025-04-17 00:45:57.049 worker_log:775 150626 MainThread [INFO]  All processing finished for executor task 302
2025-04-17 00:46:09.246 worker_log:746 150626 MainThread [INFO]  Received executor task 309
2025-04-17 00:46:33.347 worker_log:764 150626 MainThread [INFO]  Completed executor task 309
2025-04-17 00:46:34.950 worker_log:775 150626 MainThread [INFO]  All processing finished for executor task 309
2025-04-17 00:48:16.671 worker_log:746 150626 MainThread [INFO]  Received executor task 324
2025-04-17 00:48:36.972 worker_log:764 150626 MainThread [INFO]  Completed executor task 324
2025-04-17 00:48:44.510 worker_log:775 150626 MainThread [INFO]  All processing finished for executor task 324
2025-04-17 00:49:06.090 worker_log:746 150626 MainThread [INFO]  Received executor task 338
2025-04-17 00:49:26.959 worker_log:764 150626 MainThread [INFO]  Completed executor task 338
2025-04-17 00:49:30.105 worker_log:775 150626 MainThread [INFO]  All processing finished for executor task 338
2025-04-17 00:49:38.167 worker_log:746 150626 MainThread [INFO]  Received executor task 350
2025-04-17 00:49:53.284 worker_log:764 150626 MainThread [INFO]  Completed executor task 350
2025-04-17 00:49:55.019 worker_log:775 150626 MainThread [INFO]  All processing finished for executor task 350
2025-04-17 00:50:05.239 worker_log:746 150626 MainThread [INFO]  Received executor task 360
2025-04-17 00:50:19.371 worker_log:764 150626 MainThread [INFO]  Completed executor task 360
2025-04-17 00:50:20.390 worker_log:775 150626 MainThread [INFO]  All processing finished for executor task 360
2025-04-17 00:50:30.122 worker_log:746 150626 MainThread [INFO]  Received executor task 371
2025-04-17 00:50:46.298 worker_log:764 150626 MainThread [INFO]  Completed executor task 371
2025-04-17 00:50:47.345 worker_log:775 150626 MainThread [INFO]  All processing finished for executor task 371
2025-04-17 00:50:57.598 worker_log:746 150626 MainThread [INFO]  Received executor task 382
2025-04-17 00:51:13.800 worker_log:764 150626 MainThread [INFO]  Completed executor task 382
2025-04-17 00:51:14.774 worker_log:775 150626 MainThread [INFO]  All processing finished for executor task 382
2025-04-17 00:51:29.635 worker_log:746 150626 MainThread [INFO]  Received executor task 391
2025-04-17 00:51:51.219 worker_log:764 150626 MainThread [INFO]  Completed executor task 391
2025-04-17 00:51:52.420 worker_log:775 150626 MainThread [INFO]  All processing finished for executor task 391
2025-04-17 00:52:00.414 worker_log:746 150626 MainThread [INFO]  Received executor task 401
2025-04-17 00:52:18.352 worker_log:764 150626 MainThread [INFO]  Completed executor task 401
2025-04-17 00:52:20.578 worker_log:775 150626 MainThread [INFO]  All processing finished for executor task 401
2025-04-17 00:53:13.797 worker_log:746 150626 MainThread [INFO]  Received executor task 413
2025-04-17 00:53:46.237 worker_log:764 150626 MainThread [INFO]  Completed executor task 413
2025-04-17 00:53:53.054 worker_log:775 150626 MainThread [INFO]  All processing finished for executor task 413
2025-04-17 00:54:09.193 worker_log:746 150626 MainThread [INFO]  Received executor task 437
2025-04-17 00:54:28.462 worker_log:764 150626 MainThread [INFO]  Completed executor task 437
2025-04-17 00:54:30.060 worker_log:775 150626 MainThread [INFO]  All processing finished for executor task 437
2025-04-17 00:54:38.575 worker_log:746 150626 MainThread [INFO]  Received executor task 449
2025-04-17 00:54:57.909 worker_log:764 150626 MainThread [INFO]  Completed executor task 449
2025-04-17 00:54:59.057 worker_log:775 150626 MainThread [INFO]  All processing finished for executor task 449
2025-04-17 00:55:38.307 worker_log:746 150626 MainThread [INFO]  Received executor task 465
2025-04-17 00:56:01.465 worker_log:764 150626 MainThread [INFO]  Completed executor task 465
2025-04-17 00:56:03.815 worker_log:775 150626 MainThread [INFO]  All processing finished for executor task 465
2025-04-17 00:56:14.696 worker_log:746 150626 MainThread [INFO]  Received executor task 478
2025-04-17 00:56:33.484 worker_log:764 150626 MainThread [INFO]  Completed executor task 478
2025-04-17 00:56:34.760 worker_log:775 150626 MainThread [INFO]  All processing finished for executor task 478
2025-04-17 00:56:47.519 worker_log:746 150626 MainThread [INFO]  Received executor task 489
2025-04-17 00:57:04.667 worker_log:764 150626 MainThread [INFO]  Completed executor task 489
2025-04-17 00:57:06.207 worker_log:775 150626 MainThread [INFO]  All processing finished for executor task 489
