2025-04-17 00:29:56.712 worker_log:633 150618 MainThread [INFO]  Worker 0 started
2025-04-17 00:29:56.713 worker_log:635 150618 MainThread [DEBUG]  Debug logging enabled
2025-04-17 00:29:56.713 worker_log:690 150618 MainThread [INFO]  Set worker CPU affinity to [0, 1, 2, 3, 4, 5, 6, 7, 104, 105, 106, 107, 108, 109, 110, 111]
2025-04-17 00:29:56.717 worker_log:718 150618 MainThread [INFO]  Pinned worker to accelerator: 0.0
2025-04-17 00:30:16.918 worker_log:746 150618 MainThread [INFO]  Received executor task 2
2025-04-17 00:30:27.043 worker_log:633 150839 MainThread [INFO]  Worker 0 started
2025-04-17 00:30:27.043 worker_log:635 150839 MainThread [DEBUG]  Debug logging enabled
2025-04-17 00:30:27.044 worker_log:690 150839 MainThread [INFO]  Set worker CPU affinity to [0, 1, 2, 3, 4, 5, 6, 7, 104, 105, 106, 107, 108, 109, 110, 111]
2025-04-17 00:30:27.049 worker_log:718 150839 MainThread [INFO]  Pinned worker to accelerator: 0.0
2025-04-17 00:30:38.725 worker_log:746 150839 MainThread [INFO]  Received executor task 13
2025-04-17 00:30:59.122 worker_log:633 151079 MainThread [INFO]  Worker 0 started
2025-04-17 00:30:59.123 worker_log:635 151079 MainThread [DEBUG]  Debug logging enabled
2025-04-17 00:30:59.123 worker_log:690 151079 MainThread [INFO]  Set worker CPU affinity to [0, 1, 2, 3, 4, 5, 6, 7, 104, 105, 106, 107, 108, 109, 110, 111]
2025-04-17 00:30:59.128 worker_log:718 151079 MainThread [INFO]  Pinned worker to accelerator: 0.0
2025-04-17 00:31:00.899 worker_log:746 151079 MainThread [INFO]  Received executor task 22
2025-04-17 00:31:16.346 worker_log:633 151172 MainThread [INFO]  Worker 0 started
2025-04-17 00:31:16.346 worker_log:635 151172 MainThread [DEBUG]  Debug logging enabled
2025-04-17 00:31:16.347 worker_log:690 151172 MainThread [INFO]  Set worker CPU affinity to [0, 1, 2, 3, 4, 5, 6, 7, 104, 105, 106, 107, 108, 109, 110, 111]
2025-04-17 00:31:16.352 worker_log:718 151172 MainThread [INFO]  Pinned worker to accelerator: 0.0
2025-04-17 00:31:20.718 worker_log:746 151172 MainThread [INFO]  Received executor task 32
2025-04-17 00:31:32.534 worker_log:633 151264 MainThread [INFO]  Worker 0 started
2025-04-17 00:31:32.534 worker_log:635 151264 MainThread [DEBUG]  Debug logging enabled
2025-04-17 00:31:32.535 worker_log:690 151264 MainThread [INFO]  Set worker CPU affinity to [0, 1, 2, 3, 4, 5, 6, 7, 104, 105, 106, 107, 108, 109, 110, 111]
2025-04-17 00:31:32.541 worker_log:718 151264 MainThread [INFO]  Pinned worker to accelerator: 0.0
2025-04-17 00:31:38.613 worker_log:746 151264 MainThread [INFO]  Received executor task 40
2025-04-17 00:31:49.103 worker_log:633 151352 MainThread [INFO]  Worker 0 started
2025-04-17 00:31:49.103 worker_log:635 151352 MainThread [DEBUG]  Debug logging enabled
2025-04-17 00:31:49.103 worker_log:690 151352 MainThread [INFO]  Set worker CPU affinity to [0, 1, 2, 3, 4, 5, 6, 7, 104, 105, 106, 107, 108, 109, 110, 111]
2025-04-17 00:31:49.109 worker_log:718 151352 MainThread [INFO]  Pinned worker to accelerator: 0.0
2025-04-17 00:31:54.070 worker_log:746 151352 MainThread [INFO]  Received executor task 48
2025-04-17 00:32:05.655 worker_log:633 151444 MainThread [INFO]  Worker 0 started
2025-04-17 00:32:05.655 worker_log:635 151444 MainThread [DEBUG]  Debug logging enabled
2025-04-17 00:32:05.655 worker_log:690 151444 MainThread [INFO]  Set worker CPU affinity to [0, 1, 2, 3, 4, 5, 6, 7, 104, 105, 106, 107, 108, 109, 110, 111]
2025-04-17 00:32:05.661 worker_log:718 151444 MainThread [INFO]  Pinned worker to accelerator: 0.0
2025-04-17 00:32:10.608 worker_log:746 151444 MainThread [INFO]  Received executor task 56
2025-04-17 00:32:22.142 worker_log:633 151534 MainThread [INFO]  Worker 0 started
2025-04-17 00:32:22.142 worker_log:635 151534 MainThread [DEBUG]  Debug logging enabled
2025-04-17 00:32:22.142 worker_log:690 151534 MainThread [INFO]  Set worker CPU affinity to [0, 1, 2, 3, 4, 5, 6, 7, 104, 105, 106, 107, 108, 109, 110, 111]
2025-04-17 00:32:22.147 worker_log:718 151534 MainThread [INFO]  Pinned worker to accelerator: 0.0
2025-04-17 00:32:27.147 worker_log:746 151534 MainThread [INFO]  Received executor task 64
2025-04-17 00:32:38.361 worker_log:633 151826 MainThread [INFO]  Worker 0 started
2025-04-17 00:32:38.361 worker_log:635 151826 MainThread [DEBUG]  Debug logging enabled
2025-04-17 00:32:38.362 worker_log:690 151826 MainThread [INFO]  Set worker CPU affinity to [0, 1, 2, 3, 4, 5, 6, 7, 104, 105, 106, 107, 108, 109, 110, 111]
2025-04-17 00:32:38.367 worker_log:718 151826 MainThread [INFO]  Pinned worker to accelerator: 0.0
2025-04-17 00:32:47.423 worker_log:746 151826 MainThread [INFO]  Received executor task 73
2025-04-17 00:32:54.668 worker_log:633 151902 MainThread [INFO]  Worker 0 started
2025-04-17 00:32:54.668 worker_log:635 151902 MainThread [DEBUG]  Debug logging enabled
2025-04-17 00:32:54.668 worker_log:690 151902 MainThread [INFO]  Set worker CPU affinity to [0, 1, 2, 3, 4, 5, 6, 7, 104, 105, 106, 107, 108, 109, 110, 111]
2025-04-17 00:32:54.674 worker_log:718 151902 MainThread [INFO]  Pinned worker to accelerator: 0.0
2025-04-17 00:32:57.645 worker_log:746 151902 MainThread [INFO]  Received executor task 78
2025-04-17 00:33:09.924 worker_log:633 151957 MainThread [INFO]  Worker 0 started
2025-04-17 00:33:09.924 worker_log:635 151957 MainThread [DEBUG]  Debug logging enabled
2025-04-17 00:33:09.924 worker_log:690 151957 MainThread [INFO]  Set worker CPU affinity to [0, 1, 2, 3, 4, 5, 6, 7, 104, 105, 106, 107, 108, 109, 110, 111]
2025-04-17 00:33:09.930 worker_log:718 151957 MainThread [INFO]  Pinned worker to accelerator: 0.0
2025-04-17 00:33:20.526 worker_log:746 151957 MainThread [INFO]  Received executor task 87
2025-04-17 00:33:42.043 worker_log:633 152053 MainThread [INFO]  Worker 0 started
2025-04-17 00:33:42.043 worker_log:635 152053 MainThread [DEBUG]  Debug logging enabled
2025-04-17 00:33:42.044 worker_log:690 152053 MainThread [INFO]  Set worker CPU affinity to [0, 1, 2, 3, 4, 5, 6, 7, 104, 105, 106, 107, 108, 109, 110, 111]
2025-04-17 00:33:42.049 worker_log:718 152053 MainThread [INFO]  Pinned worker to accelerator: 0.0
2025-04-17 00:34:02.564 worker_log:746 152053 MainThread [INFO]  Received executor task 100
2025-04-17 00:34:17.248 worker_log:633 152481 MainThread [INFO]  Worker 0 started
2025-04-17 00:34:17.248 worker_log:635 152481 MainThread [DEBUG]  Debug logging enabled
2025-04-17 00:34:17.248 worker_log:690 152481 MainThread [INFO]  Set worker CPU affinity to [0, 1, 2, 3, 4, 5, 6, 7, 104, 105, 106, 107, 108, 109, 110, 111]
2025-04-17 00:34:17.254 worker_log:718 152481 MainThread [INFO]  Pinned worker to accelerator: 0.0
2025-04-17 00:34:46.570 worker_log:746 152481 MainThread [INFO]  Received executor task 114
2025-04-17 00:34:55.383 worker_log:633 152959 MainThread [INFO]  Worker 0 started
2025-04-17 00:34:55.384 worker_log:635 152959 MainThread [DEBUG]  Debug logging enabled
2025-04-17 00:34:55.384 worker_log:690 152959 MainThread [INFO]  Set worker CPU affinity to [0, 1, 2, 3, 4, 5, 6, 7, 104, 105, 106, 107, 108, 109, 110, 111]
2025-04-17 00:34:55.389 worker_log:718 152959 MainThread [INFO]  Pinned worker to accelerator: 0.0
2025-04-17 00:35:03.953 worker_log:746 152959 MainThread [INFO]  Received executor task 121
2025-04-17 00:35:11.523 worker_log:633 153038 MainThread [INFO]  Worker 0 started
2025-04-17 00:35:11.523 worker_log:635 153038 MainThread [DEBUG]  Debug logging enabled
2025-04-17 00:35:11.523 worker_log:690 153038 MainThread [INFO]  Set worker CPU affinity to [0, 1, 2, 3, 4, 5, 6, 7, 104, 105, 106, 107, 108, 109, 110, 111]
2025-04-17 00:35:11.529 worker_log:718 153038 MainThread [INFO]  Pinned worker to accelerator: 0.0
2025-04-17 00:35:27.168 worker_log:746 153038 MainThread [INFO]  Received executor task 129
2025-04-17 00:35:45.197 worker_log:633 153142 MainThread [INFO]  Worker 0 started
2025-04-17 00:35:45.197 worker_log:635 153142 MainThread [DEBUG]  Debug logging enabled
2025-04-17 00:35:45.197 worker_log:690 153142 MainThread [INFO]  Set worker CPU affinity to [0, 1, 2, 3, 4, 5, 6, 7, 104, 105, 106, 107, 108, 109, 110, 111]
2025-04-17 00:35:45.202 worker_log:718 153142 MainThread [INFO]  Pinned worker to accelerator: 0.0
2025-04-17 00:36:34.374 worker_log:746 153142 MainThread [INFO]  Received executor task 141
2025-04-17 00:36:49.995 worker_log:633 153198 MainThread [INFO]  Worker 0 started
2025-04-17 00:36:49.995 worker_log:635 153198 MainThread [DEBUG]  Debug logging enabled
2025-04-17 00:36:49.995 worker_log:690 153198 MainThread [INFO]  Set worker CPU affinity to [0, 1, 2, 3, 4, 5, 6, 7, 104, 105, 106, 107, 108, 109, 110, 111]
2025-04-17 00:36:50.000 worker_log:718 153198 MainThread [INFO]  Pinned worker to accelerator: 0.0
2025-04-17 00:37:00.742 worker_log:746 153198 MainThread [INFO]  Received executor task 152
2025-04-17 00:37:23.380 worker_log:633 153312 MainThread [INFO]  Worker 0 started
2025-04-17 00:37:23.380 worker_log:635 153312 MainThread [DEBUG]  Debug logging enabled
2025-04-17 00:37:23.381 worker_log:690 153312 MainThread [INFO]  Set worker CPU affinity to [0, 1, 2, 3, 4, 5, 6, 7, 104, 105, 106, 107, 108, 109, 110, 111]
2025-04-17 00:37:23.386 worker_log:718 153312 MainThread [INFO]  Pinned worker to accelerator: 0.0
2025-04-17 00:37:50.295 worker_log:746 153312 MainThread [INFO]  Received executor task 165
2025-04-17 00:37:57.912 worker_log:633 153418 MainThread [INFO]  Worker 0 started
2025-04-17 00:37:57.912 worker_log:635 153418 MainThread [DEBUG]  Debug logging enabled
2025-04-17 00:37:57.913 worker_log:690 153418 MainThread [INFO]  Set worker CPU affinity to [0, 1, 2, 3, 4, 5, 6, 7, 104, 105, 106, 107, 108, 109, 110, 111]
2025-04-17 00:37:57.917 worker_log:718 153418 MainThread [INFO]  Pinned worker to accelerator: 0.0
2025-04-17 00:38:21.878 worker_log:746 153418 MainThread [INFO]  Received executor task 173
2025-04-17 00:38:33.907 worker_log:633 153480 MainThread [INFO]  Worker 0 started
2025-04-17 00:38:33.907 worker_log:635 153480 MainThread [DEBUG]  Debug logging enabled
2025-04-17 00:38:33.908 worker_log:690 153480 MainThread [INFO]  Set worker CPU affinity to [0, 1, 2, 3, 4, 5, 6, 7, 104, 105, 106, 107, 108, 109, 110, 111]
2025-04-17 00:38:33.912 worker_log:718 153480 MainThread [INFO]  Pinned worker to accelerator: 0.0
2025-04-17 00:38:42.047 worker_log:746 153480 MainThread [INFO]  Received executor task 185
2025-04-17 00:38:50.764 worker_log:633 153559 MainThread [INFO]  Worker 0 started
2025-04-17 00:38:50.764 worker_log:635 153559 MainThread [DEBUG]  Debug logging enabled
2025-04-17 00:38:50.765 worker_log:690 153559 MainThread [INFO]  Set worker CPU affinity to [0, 1, 2, 3, 4, 5, 6, 7, 104, 105, 106, 107, 108, 109, 110, 111]
2025-04-17 00:38:50.771 worker_log:718 153559 MainThread [INFO]  Pinned worker to accelerator: 0.0
2025-04-17 00:39:03.411 worker_log:746 153559 MainThread [INFO]  Received executor task 191
2025-04-17 00:39:25.656 worker_log:633 153655 MainThread [INFO]  Worker 0 started
2025-04-17 00:39:25.656 worker_log:635 153655 MainThread [DEBUG]  Debug logging enabled
2025-04-17 00:39:25.656 worker_log:690 153655 MainThread [INFO]  Set worker CPU affinity to [0, 1, 2, 3, 4, 5, 6, 7, 104, 105, 106, 107, 108, 109, 110, 111]
2025-04-17 00:39:25.661 worker_log:718 153655 MainThread [INFO]  Pinned worker to accelerator: 0.0
2025-04-17 00:39:46.076 worker_log:746 153655 MainThread [INFO]  Received executor task 206
2025-04-17 00:40:02.087 worker_log:633 153744 MainThread [INFO]  Worker 0 started
2025-04-17 00:40:02.087 worker_log:635 153744 MainThread [DEBUG]  Debug logging enabled
2025-04-17 00:40:02.087 worker_log:690 153744 MainThread [INFO]  Set worker CPU affinity to [0, 1, 2, 3, 4, 5, 6, 7, 104, 105, 106, 107, 108, 109, 110, 111]
2025-04-17 00:40:02.092 worker_log:718 153744 MainThread [INFO]  Pinned worker to accelerator: 0.0
2025-04-17 00:40:17.272 worker_log:746 153744 MainThread [INFO]  Received executor task 213
2025-04-17 00:40:38.211 worker_log:633 153832 MainThread [INFO]  Worker 0 started
2025-04-17 00:40:38.212 worker_log:635 153832 MainThread [DEBUG]  Debug logging enabled
2025-04-17 00:40:38.212 worker_log:690 153832 MainThread [INFO]  Set worker CPU affinity to [0, 1, 2, 3, 4, 5, 6, 7, 104, 105, 106, 107, 108, 109, 110, 111]
2025-04-17 00:40:38.216 worker_log:718 153832 MainThread [INFO]  Pinned worker to accelerator: 0.0
2025-04-17 00:41:30.015 worker_log:746 153832 MainThread [INFO]  Received executor task 224
2025-04-17 00:41:44.797 worker_log:633 154306 MainThread [INFO]  Worker 0 started
2025-04-17 00:41:44.797 worker_log:635 154306 MainThread [DEBUG]  Debug logging enabled
2025-04-17 00:41:44.798 worker_log:690 154306 MainThread [INFO]  Set worker CPU affinity to [0, 1, 2, 3, 4, 5, 6, 7, 104, 105, 106, 107, 108, 109, 110, 111]
2025-04-17 00:41:44.804 worker_log:718 154306 MainThread [INFO]  Pinned worker to accelerator: 0.0
2025-04-17 00:41:49.103 worker_log:746 154306 MainThread [INFO]  Received executor task 233
2025-04-17 00:42:03.619 worker_log:633 154390 MainThread [INFO]  Worker 0 started
2025-04-17 00:42:03.619 worker_log:635 154390 MainThread [DEBUG]  Debug logging enabled
2025-04-17 00:42:03.619 worker_log:690 154390 MainThread [INFO]  Set worker CPU affinity to [0, 1, 2, 3, 4, 5, 6, 7, 104, 105, 106, 107, 108, 109, 110, 111]
2025-04-17 00:42:03.625 worker_log:718 154390 MainThread [INFO]  Pinned worker to accelerator: 0.0
2025-04-17 00:42:19.609 worker_log:746 154390 MainThread [INFO]  Received executor task 244
2025-04-17 00:42:40.061 worker_log:633 154488 MainThread [INFO]  Worker 0 started
2025-04-17 00:42:40.061 worker_log:635 154488 MainThread [DEBUG]  Debug logging enabled
2025-04-17 00:42:40.062 worker_log:690 154488 MainThread [INFO]  Set worker CPU affinity to [0, 1, 2, 3, 4, 5, 6, 7, 104, 105, 106, 107, 108, 109, 110, 111]
2025-04-17 00:42:40.067 worker_log:718 154488 MainThread [INFO]  Pinned worker to accelerator: 0.0
2025-04-17 00:42:51.862 worker_log:746 154488 MainThread [INFO]  Received executor task 256
2025-04-17 00:43:11.425 worker_log:633 154574 MainThread [INFO]  Worker 0 started
2025-04-17 00:43:11.425 worker_log:635 154574 MainThread [DEBUG]  Debug logging enabled
2025-04-17 00:43:11.425 worker_log:690 154574 MainThread [INFO]  Set worker CPU affinity to [0, 1, 2, 3, 4, 5, 6, 7, 104, 105, 106, 107, 108, 109, 110, 111]
2025-04-17 00:43:11.430 worker_log:718 154574 MainThread [INFO]  Pinned worker to accelerator: 0.0
2025-04-17 00:43:39.265 worker_log:746 154574 MainThread [INFO]  Received executor task 270
2025-04-17 00:44:01.419 worker_log:633 155094 MainThread [INFO]  Worker 0 started
2025-04-17 00:44:01.419 worker_log:635 155094 MainThread [DEBUG]  Debug logging enabled
2025-04-17 00:44:01.420 worker_log:690 155094 MainThread [INFO]  Set worker CPU affinity to [0, 1, 2, 3, 4, 5, 6, 7, 104, 105, 106, 107, 108, 109, 110, 111]
2025-04-17 00:44:01.425 worker_log:718 155094 MainThread [INFO]  Pinned worker to accelerator: 0.0
2025-04-17 00:44:16.807 worker_log:746 155094 MainThread [INFO]  Received executor task 280
2025-04-17 00:44:36.191 worker_log:633 155194 MainThread [INFO]  Worker 0 started
2025-04-17 00:44:36.191 worker_log:635 155194 MainThread [DEBUG]  Debug logging enabled
2025-04-17 00:44:36.191 worker_log:690 155194 MainThread [INFO]  Set worker CPU affinity to [0, 1, 2, 3, 4, 5, 6, 7, 104, 105, 106, 107, 108, 109, 110, 111]
2025-04-17 00:44:36.196 worker_log:718 155194 MainThread [INFO]  Pinned worker to accelerator: 0.0
2025-04-17 00:44:55.206 worker_log:746 155194 MainThread [INFO]  Received executor task 293
2025-04-17 00:45:09.867 worker_log:633 155315 MainThread [INFO]  Worker 0 started
2025-04-17 00:45:09.867 worker_log:635 155315 MainThread [DEBUG]  Debug logging enabled
2025-04-17 00:45:09.867 worker_log:690 155315 MainThread [INFO]  Set worker CPU affinity to [0, 1, 2, 3, 4, 5, 6, 7, 104, 105, 106, 107, 108, 109, 110, 111]
2025-04-17 00:45:09.872 worker_log:718 155315 MainThread [INFO]  Pinned worker to accelerator: 0.0
2025-04-17 00:45:44.379 worker_log:746 155315 MainThread [INFO]  Received executor task 301
2025-04-17 00:45:59.694 worker_log:633 155409 MainThread [INFO]  Worker 0 started
2025-04-17 00:45:59.694 worker_log:635 155409 MainThread [DEBUG]  Debug logging enabled
2025-04-17 00:45:59.694 worker_log:690 155409 MainThread [INFO]  Set worker CPU affinity to [0, 1, 2, 3, 4, 5, 6, 7, 104, 105, 106, 107, 108, 109, 110, 111]
2025-04-17 00:45:59.699 worker_log:718 155409 MainThread [INFO]  Pinned worker to accelerator: 0.0
2025-04-17 00:46:11.025 worker_log:746 155409 MainThread [INFO]  Received executor task 311
2025-04-17 00:46:19.689 worker_log:633 155487 MainThread [INFO]  Worker 0 started
2025-04-17 00:46:19.689 worker_log:635 155487 MainThread [DEBUG]  Debug logging enabled
2025-04-17 00:46:19.689 worker_log:690 155487 MainThread [INFO]  Set worker CPU affinity to [0, 1, 2, 3, 4, 5, 6, 7, 104, 105, 106, 107, 108, 109, 110, 111]
2025-04-17 00:46:19.694 worker_log:718 155487 MainThread [INFO]  Pinned worker to accelerator: 0.0
2025-04-17 00:46:28.001 worker_log:746 155487 MainThread [INFO]  Received executor task 316
2025-04-17 00:46:52.412 worker_log:633 155549 MainThread [INFO]  Worker 0 started
2025-04-17 00:46:52.412 worker_log:635 155549 MainThread [DEBUG]  Debug logging enabled
2025-04-17 00:46:52.412 worker_log:690 155549 MainThread [INFO]  Set worker CPU affinity to [0, 1, 2, 3, 4, 5, 6, 7, 104, 105, 106, 107, 108, 109, 110, 111]
2025-04-17 00:46:52.417 worker_log:718 155549 MainThread [INFO]  Pinned worker to accelerator: 0.0
2025-04-17 00:48:32.220 worker_log:746 155549 MainThread [INFO]  Received executor task 329
2025-04-17 00:49:04.193 worker_log:633 156082 MainThread [INFO]  Worker 0 started
2025-04-17 00:49:04.193 worker_log:635 156082 MainThread [DEBUG]  Debug logging enabled
2025-04-17 00:49:04.193 worker_log:690 156082 MainThread [INFO]  Set worker CPU affinity to [0, 1, 2, 3, 4, 5, 6, 7, 104, 105, 106, 107, 108, 109, 110, 111]
2025-04-17 00:49:04.198 worker_log:718 156082 MainThread [INFO]  Pinned worker to accelerator: 0.0
2025-04-17 00:49:31.635 worker_log:746 156082 MainThread [INFO]  Received executor task 347
2025-04-17 00:49:40.128 worker_log:633 156171 MainThread [INFO]  Worker 0 started
2025-04-17 00:49:40.128 worker_log:635 156171 MainThread [DEBUG]  Debug logging enabled
2025-04-17 00:49:40.128 worker_log:690 156171 MainThread [INFO]  Set worker CPU affinity to [0, 1, 2, 3, 4, 5, 6, 7, 104, 105, 106, 107, 108, 109, 110, 111]
2025-04-17 00:49:40.133 worker_log:718 156171 MainThread [INFO]  Pinned worker to accelerator: 0.0
2025-04-17 00:49:55.556 worker_log:746 156171 MainThread [INFO]  Received executor task 356
2025-04-17 00:50:13.036 worker_log:633 156259 MainThread [INFO]  Worker 0 started
2025-04-17 00:50:13.036 worker_log:635 156259 MainThread [DEBUG]  Debug logging enabled
2025-04-17 00:50:13.037 worker_log:690 156259 MainThread [INFO]  Set worker CPU affinity to [0, 1, 2, 3, 4, 5, 6, 7, 104, 105, 106, 107, 108, 109, 110, 111]
2025-04-17 00:50:13.043 worker_log:718 156259 MainThread [INFO]  Pinned worker to accelerator: 0.0
2025-04-17 00:50:25.602 worker_log:746 156259 MainThread [INFO]  Received executor task 369
2025-04-17 00:50:46.495 worker_log:633 156362 MainThread [INFO]  Worker 0 started
2025-04-17 00:50:46.495 worker_log:635 156362 MainThread [DEBUG]  Debug logging enabled
2025-04-17 00:50:46.495 worker_log:690 156362 MainThread [INFO]  Set worker CPU affinity to [0, 1, 2, 3, 4, 5, 6, 7, 104, 105, 106, 107, 108, 109, 110, 111]
2025-04-17 00:50:46.501 worker_log:718 156362 MainThread [INFO]  Pinned worker to accelerator: 0.0
2025-04-17 00:50:55.790 worker_log:746 156362 MainThread [INFO]  Received executor task 381
2025-04-17 00:51:03.453 worker_log:633 156796 MainThread [INFO]  Worker 0 started
2025-04-17 00:51:03.456 worker_log:635 156796 MainThread [DEBUG]  Debug logging enabled
2025-04-17 00:51:03.456 worker_log:690 156796 MainThread [INFO]  Set worker CPU affinity to [0, 1, 2, 3, 4, 5, 6, 7, 104, 105, 106, 107, 108, 109, 110, 111]
2025-04-17 00:51:03.461 worker_log:718 156796 MainThread [INFO]  Pinned worker to accelerator: 0.0
2025-04-17 00:51:33.597 worker_log:746 156796 MainThread [INFO]  Received executor task 393
2025-04-17 00:51:52.465 worker_log:633 156926 MainThread [INFO]  Worker 0 started
2025-04-17 00:51:52.465 worker_log:635 156926 MainThread [DEBUG]  Debug logging enabled
2025-04-17 00:51:52.465 worker_log:690 156926 MainThread [INFO]  Set worker CPU affinity to [0, 1, 2, 3, 4, 5, 6, 7, 104, 105, 106, 107, 108, 109, 110, 111]
2025-04-17 00:51:52.470 worker_log:718 156926 MainThread [INFO]  Pinned worker to accelerator: 0.0
2025-04-17 00:52:02.481 worker_log:746 156926 MainThread [INFO]  Received executor task 402
2025-04-17 00:52:09.999 worker_log:633 156978 MainThread [INFO]  Worker 0 started
2025-04-17 00:52:09.999 worker_log:635 156978 MainThread [DEBUG]  Debug logging enabled
2025-04-17 00:52:09.999 worker_log:690 156978 MainThread [INFO]  Set worker CPU affinity to [0, 1, 2, 3, 4, 5, 6, 7, 104, 105, 106, 107, 108, 109, 110, 111]
2025-04-17 00:52:10.005 worker_log:718 156978 MainThread [INFO]  Pinned worker to accelerator: 0.0
2025-04-17 00:52:21.811 worker_log:746 156978 MainThread [INFO]  Received executor task 408
2025-04-17 00:52:41.504 worker_log:633 157063 MainThread [INFO]  Worker 0 started
2025-04-17 00:52:41.505 worker_log:635 157063 MainThread [DEBUG]  Debug logging enabled
2025-04-17 00:52:41.505 worker_log:690 157063 MainThread [INFO]  Set worker CPU affinity to [0, 1, 2, 3, 4, 5, 6, 7, 104, 105, 106, 107, 108, 109, 110, 111]
2025-04-17 00:52:41.510 worker_log:718 157063 MainThread [INFO]  Pinned worker to accelerator: 0.0
2025-04-17 00:53:22.475 worker_log:746 157063 MainThread [INFO]  Received executor task 421
2025-04-17 00:53:49.657 worker_log:633 157214 MainThread [INFO]  Worker 0 started
2025-04-17 00:53:49.657 worker_log:635 157214 MainThread [DEBUG]  Debug logging enabled
2025-04-17 00:53:49.657 worker_log:690 157214 MainThread [INFO]  Set worker CPU affinity to [0, 1, 2, 3, 4, 5, 6, 7, 104, 105, 106, 107, 108, 109, 110, 111]
2025-04-17 00:53:49.662 worker_log:718 157214 MainThread [INFO]  Pinned worker to accelerator: 0.0
2025-04-17 00:54:03.145 worker_log:746 157214 MainThread [INFO]  Received executor task 434
2025-04-17 00:54:24.948 worker_log:633 157300 MainThread [INFO]  Worker 0 started
2025-04-17 00:54:24.948 worker_log:635 157300 MainThread [DEBUG]  Debug logging enabled
2025-04-17 00:54:24.949 worker_log:690 157300 MainThread [INFO]  Set worker CPU affinity to [0, 1, 2, 3, 4, 5, 6, 7, 104, 105, 106, 107, 108, 109, 110, 111]
2025-04-17 00:54:24.954 worker_log:718 157300 MainThread [INFO]  Pinned worker to accelerator: 0.0
2025-04-17 00:54:32.952 worker_log:746 157300 MainThread [INFO]  Received executor task 446
2025-04-17 00:54:45.456 worker_log:633 157394 MainThread [INFO]  Worker 0 started
2025-04-17 00:54:45.456 worker_log:635 157394 MainThread [DEBUG]  Debug logging enabled
2025-04-17 00:54:45.456 worker_log:690 157394 MainThread [INFO]  Set worker CPU affinity to [0, 1, 2, 3, 4, 5, 6, 7, 104, 105, 106, 107, 108, 109, 110, 111]
2025-04-17 00:54:45.462 worker_log:718 157394 MainThread [INFO]  Pinned worker to accelerator: 0.0
2025-04-17 00:55:00.069 worker_log:746 157394 MainThread [INFO]  Received executor task 456
2025-04-17 00:55:18.765 worker_log:633 157456 MainThread [INFO]  Worker 0 started
2025-04-17 00:55:18.765 worker_log:635 157456 MainThread [DEBUG]  Debug logging enabled
2025-04-17 00:55:18.765 worker_log:690 157456 MainThread [INFO]  Set worker CPU affinity to [0, 1, 2, 3, 4, 5, 6, 7, 104, 105, 106, 107, 108, 109, 110, 111]
2025-04-17 00:55:18.770 worker_log:718 157456 MainThread [INFO]  Pinned worker to accelerator: 0.0
2025-04-17 00:55:36.777 worker_log:746 157456 MainThread [INFO]  Received executor task 463
2025-04-17 00:55:51.901 worker_log:633 157541 MainThread [INFO]  Worker 0 started
2025-04-17 00:55:51.901 worker_log:635 157541 MainThread [DEBUG]  Debug logging enabled
2025-04-17 00:55:51.901 worker_log:690 157541 MainThread [INFO]  Set worker CPU affinity to [0, 1, 2, 3, 4, 5, 6, 7, 104, 105, 106, 107, 108, 109, 110, 111]
2025-04-17 00:55:51.907 worker_log:718 157541 MainThread [INFO]  Pinned worker to accelerator: 0.0
2025-04-17 00:55:58.229 worker_log:746 157541 MainThread [INFO]  Received executor task 471
2025-04-17 00:56:11.957 worker_log:633 157625 MainThread [INFO]  Worker 0 started
2025-04-17 00:56:11.957 worker_log:635 157625 MainThread [DEBUG]  Debug logging enabled
2025-04-17 00:56:11.957 worker_log:690 157625 MainThread [INFO]  Set worker CPU affinity to [0, 1, 2, 3, 4, 5, 6, 7, 104, 105, 106, 107, 108, 109, 110, 111]
2025-04-17 00:56:11.962 worker_log:718 157625 MainThread [INFO]  Pinned worker to accelerator: 0.0
2025-04-17 00:56:29.941 worker_log:746 157625 MainThread [INFO]  Received executor task 483
2025-04-17 00:56:47.091 worker_log:633 157713 MainThread [INFO]  Worker 0 started
2025-04-17 00:56:47.091 worker_log:635 157713 MainThread [DEBUG]  Debug logging enabled
2025-04-17 00:56:47.091 worker_log:690 157713 MainThread [INFO]  Set worker CPU affinity to [0, 1, 2, 3, 4, 5, 6, 7, 104, 105, 106, 107, 108, 109, 110, 111]
2025-04-17 00:56:47.096 worker_log:718 157713 MainThread [INFO]  Pinned worker to accelerator: 0.0
