2025-04-17 00:29:56.732 worker_log:633 150628 MainThread [INFO]  Worker 10 started
2025-04-17 00:29:56.733 worker_log:635 150628 MainThread [DEBUG]  Debug logging enabled
2025-04-17 00:29:56.734 worker_log:690 150628 MainThread [INFO]  Set worker CPU affinity to [84, 85, 86, 87, 88, 89, 90, 91, 188, 189, 190, 191, 192, 193, 194, 195]
2025-04-17 00:29:56.739 worker_log:718 150628 MainThread [INFO]  Pinned worker to accelerator: 5.0
2025-04-17 00:30:36.218 worker_log:746 150628 MainThread [INFO]  Received executor task 12
2025-04-17 00:31:02.977 worker_log:764 150628 MainThread [INFO]  Completed executor task 12
2025-04-17 00:31:03.524 worker_log:775 150628 MainThread [INFO]  All processing finished for executor task 12
2025-04-17 00:31:10.074 worker_log:746 150628 MainThread [INFO]  Received executor task 27
2025-04-17 00:31:31.265 worker_log:764 150628 MainThread [INFO]  Completed executor task 27
2025-04-17 00:31:31.884 worker_log:775 150628 MainThread [INFO]  All processing finished for executor task 27
2025-04-17 00:31:35.983 worker_log:746 150628 MainThread [INFO]  Received executor task 39
2025-04-17 00:31:56.666 worker_log:764 150628 MainThread [INFO]  Completed executor task 39
2025-04-17 00:31:57.328 worker_log:775 150628 MainThread [INFO]  All processing finished for executor task 39
2025-04-17 00:32:05.193 worker_log:746 150628 MainThread [INFO]  Received executor task 53
2025-04-17 00:32:26.424 worker_log:764 150628 MainThread [INFO]  Completed executor task 53
2025-04-17 00:32:27.097 worker_log:775 150628 MainThread [INFO]  All processing finished for executor task 53
2025-04-17 00:32:36.537 worker_log:746 150628 MainThread [INFO]  Received executor task 68
2025-04-17 00:32:55.862 worker_log:764 150628 MainThread [INFO]  Completed executor task 68
2025-04-17 00:32:56.651 worker_log:775 150628 MainThread [INFO]  All processing finished for executor task 68
2025-04-17 00:33:06.247 worker_log:746 150628 MainThread [INFO]  Received executor task 81
2025-04-17 00:33:24.838 worker_log:764 150628 MainThread [INFO]  Completed executor task 81
2025-04-17 00:33:25.904 worker_log:775 150628 MainThread [INFO]  All processing finished for executor task 81
2025-04-17 00:33:38.331 worker_log:746 150628 MainThread [INFO]  Received executor task 93
2025-04-17 00:33:58.155 worker_log:764 150628 MainThread [INFO]  Completed executor task 93
2025-04-17 00:33:59.357 worker_log:775 150628 MainThread [INFO]  All processing finished for executor task 93
2025-04-17 00:34:39.681 worker_log:746 150628 MainThread [INFO]  Received executor task 110
2025-04-17 00:34:57.618 worker_log:764 150628 MainThread [INFO]  Completed executor task 110
2025-04-17 00:35:01.318 worker_log:775 150628 MainThread [INFO]  All processing finished for executor task 110
2025-04-17 00:35:14.883 worker_log:746 150628 MainThread [INFO]  Received executor task 124
2025-04-17 00:35:31.451 worker_log:764 150628 MainThread [INFO]  Completed executor task 124
2025-04-17 00:35:32.625 worker_log:775 150628 MainThread [INFO]  All processing finished for executor task 124
2025-04-17 00:35:42.316 worker_log:746 150628 MainThread [INFO]  Received executor task 135
2025-04-17 00:35:57.431 worker_log:764 150628 MainThread [INFO]  Completed executor task 135
2025-04-17 00:35:59.013 worker_log:775 150628 MainThread [INFO]  All processing finished for executor task 135
2025-04-17 00:36:46.286 worker_log:746 150628 MainThread [INFO]  Received executor task 144
2025-04-17 00:37:13.055 worker_log:764 150628 MainThread [INFO]  Completed executor task 144
2025-04-17 00:37:17.501 worker_log:775 150628 MainThread [INFO]  All processing finished for executor task 144
2025-04-17 00:37:31.265 worker_log:746 150628 MainThread [INFO]  Received executor task 162
2025-04-17 00:37:49.377 worker_log:764 150628 MainThread [INFO]  Completed executor task 162
2025-04-17 00:37:51.024 worker_log:775 150628 MainThread [INFO]  All processing finished for executor task 162
2025-04-17 00:38:22.830 worker_log:746 150628 MainThread [INFO]  Received executor task 175
2025-04-17 00:38:39.184 worker_log:764 150628 MainThread [INFO]  Completed executor task 175
2025-04-17 00:38:40.520 worker_log:775 150628 MainThread [INFO]  All processing finished for executor task 175
2025-04-17 00:38:46.513 worker_log:746 150628 MainThread [INFO]  Received executor task 187
2025-04-17 00:39:04.277 worker_log:764 150628 MainThread [INFO]  Completed executor task 187
2025-04-17 00:39:05.641 worker_log:775 150628 MainThread [INFO]  All processing finished for executor task 187
2025-04-17 00:39:23.706 worker_log:746 150628 MainThread [INFO]  Received executor task 198
2025-04-17 00:39:43.839 worker_log:764 150628 MainThread [INFO]  Completed executor task 198
2025-04-17 00:39:45.510 worker_log:775 150628 MainThread [INFO]  All processing finished for executor task 198
2025-04-17 00:40:03.595 worker_log:746 150628 MainThread [INFO]  Received executor task 210
2025-04-17 00:40:18.753 worker_log:764 150628 MainThread [INFO]  Completed executor task 210
2025-04-17 00:40:20.950 worker_log:775 150628 MainThread [INFO]  All processing finished for executor task 210
2025-04-17 00:41:27.108 worker_log:746 150628 MainThread [INFO]  Received executor task 223
2025-04-17 00:41:52.956 worker_log:764 150628 MainThread [INFO]  Completed executor task 223
2025-04-17 00:41:55.901 worker_log:775 150628 MainThread [INFO]  All processing finished for executor task 223
2025-04-17 00:42:03.865 worker_log:746 150628 MainThread [INFO]  Received executor task 239
2025-04-17 00:42:22.231 worker_log:764 150628 MainThread [INFO]  Completed executor task 239
2025-04-17 00:42:24.105 worker_log:775 150628 MainThread [INFO]  All processing finished for executor task 239
2025-04-17 00:42:51.861 worker_log:746 150628 MainThread [INFO]  Received executor task 255
2025-04-17 00:43:08.030 worker_log:764 150628 MainThread [INFO]  Completed executor task 255
2025-04-17 00:43:09.814 worker_log:775 150628 MainThread [INFO]  All processing finished for executor task 255
2025-04-17 00:43:30.927 worker_log:746 150628 MainThread [INFO]  Received executor task 263
2025-04-17 00:43:52.758 worker_log:764 150628 MainThread [INFO]  Completed executor task 263
2025-04-17 00:43:55.504 worker_log:775 150628 MainThread [INFO]  All processing finished for executor task 263
2025-04-17 00:43:59.308 worker_log:746 150628 MainThread [INFO]  Received executor task 275
2025-04-17 00:44:13.701 worker_log:764 150628 MainThread [INFO]  Completed executor task 275
2025-04-17 00:44:14.827 worker_log:775 150628 MainThread [INFO]  All processing finished for executor task 275
2025-04-17 00:44:32.554 worker_log:746 150628 MainThread [INFO]  Received executor task 284
2025-04-17 00:44:50.545 worker_log:764 150628 MainThread [INFO]  Completed executor task 284
2025-04-17 00:44:52.349 worker_log:775 150628 MainThread [INFO]  All processing finished for executor task 284
2025-04-17 00:44:58.247 worker_log:746 150628 MainThread [INFO]  Received executor task 296
2025-04-17 00:45:16.534 worker_log:764 150628 MainThread [INFO]  Completed executor task 296
2025-04-17 00:45:17.277 worker_log:775 150628 MainThread [INFO]  All processing finished for executor task 296
2025-04-17 00:45:42.300 worker_log:746 150628 MainThread [INFO]  Received executor task 299
2025-04-17 00:45:59.145 worker_log:764 150628 MainThread [INFO]  Completed executor task 299
2025-04-17 00:46:03.937 worker_log:775 150628 MainThread [INFO]  All processing finished for executor task 299
2025-04-17 00:46:20.219 worker_log:746 150628 MainThread [INFO]  Received executor task 314
2025-04-17 00:46:39.746 worker_log:764 150628 MainThread [INFO]  Completed executor task 314
2025-04-17 00:46:41.657 worker_log:775 150628 MainThread [INFO]  All processing finished for executor task 314
2025-04-17 00:48:41.773 worker_log:746 150628 MainThread [INFO]  Received executor task 332
2025-04-17 00:48:57.757 worker_log:764 150628 MainThread [INFO]  Completed executor task 332
2025-04-17 00:48:59.741 worker_log:775 150628 MainThread [INFO]  All processing finished for executor task 332
2025-04-17 00:49:11.646 worker_log:746 150628 MainThread [INFO]  Received executor task 341
2025-04-17 00:49:33.230 worker_log:764 150628 MainThread [INFO]  Completed executor task 341
2025-04-17 00:49:35.045 worker_log:775 150628 MainThread [INFO]  All processing finished for executor task 341
2025-04-17 00:49:46.118 worker_log:746 150628 MainThread [INFO]  Received executor task 354
2025-04-17 00:50:02.832 worker_log:764 150628 MainThread [INFO]  Completed executor task 354
2025-04-17 00:50:03.919 worker_log:775 150628 MainThread [INFO]  All processing finished for executor task 354
2025-04-17 00:50:22.068 worker_log:746 150628 MainThread [INFO]  Received executor task 366
2025-04-17 00:50:41.482 worker_log:764 150628 MainThread [INFO]  Completed executor task 366
2025-04-17 00:50:43.337 worker_log:775 150628 MainThread [INFO]  All processing finished for executor task 366
2025-04-17 00:50:52.311 worker_log:746 150628 MainThread [INFO]  Received executor task 380
2025-04-17 00:51:11.018 worker_log:764 150628 MainThread [INFO]  Completed executor task 380
2025-04-17 00:51:12.528 worker_log:775 150628 MainThread [INFO]  All processing finished for executor task 380
2025-04-17 00:51:27.958 worker_log:746 150628 MainThread [INFO]  Received executor task 389
2025-04-17 00:51:50.756 worker_log:764 150628 MainThread [INFO]  Completed executor task 389
2025-04-17 00:51:52.720 worker_log:775 150628 MainThread [INFO]  All processing finished for executor task 389
2025-04-17 00:52:07.299 worker_log:746 150628 MainThread [INFO]  Received executor task 404
2025-04-17 00:52:22.924 worker_log:764 150628 MainThread [INFO]  Completed executor task 404
2025-04-17 00:52:23.956 worker_log:775 150628 MainThread [INFO]  All processing finished for executor task 404
2025-04-17 00:53:16.425 worker_log:746 150628 MainThread [INFO]  Received executor task 415
2025-04-17 00:53:42.253 worker_log:764 150628 MainThread [INFO]  Completed executor task 415
2025-04-17 00:53:45.818 worker_log:775 150628 MainThread [INFO]  All processing finished for executor task 415
2025-04-17 00:53:51.026 worker_log:746 150628 MainThread [INFO]  Received executor task 429
2025-04-17 00:54:06.372 worker_log:764 150628 MainThread [INFO]  Completed executor task 429
2025-04-17 00:54:07.954 worker_log:775 150628 MainThread [INFO]  All processing finished for executor task 429
2025-04-17 00:54:13.492 worker_log:746 150628 MainThread [INFO]  Received executor task 440
2025-04-17 00:54:33.033 worker_log:764 150628 MainThread [INFO]  Completed executor task 440
2025-04-17 00:54:34.762 worker_log:775 150628 MainThread [INFO]  All processing finished for executor task 440
2025-04-17 00:54:43.665 worker_log:746 150628 MainThread [INFO]  Received executor task 452
2025-04-17 00:55:03.027 worker_log:764 150628 MainThread [INFO]  Completed executor task 452
2025-04-17 00:55:04.125 worker_log:775 150628 MainThread [INFO]  All processing finished for executor task 452
2025-04-17 00:55:37.096 worker_log:746 150628 MainThread [INFO]  Received executor task 464
2025-04-17 00:56:00.183 worker_log:764 150628 MainThread [INFO]  Completed executor task 464
2025-04-17 00:56:02.089 worker_log:775 150628 MainThread [INFO]  All processing finished for executor task 464
2025-04-17 00:56:08.607 worker_log:746 150628 MainThread [INFO]  Received executor task 477
2025-04-17 00:56:25.802 worker_log:764 150628 MainThread [INFO]  Completed executor task 477
2025-04-17 00:56:26.830 worker_log:775 150628 MainThread [INFO]  All processing finished for executor task 477
2025-04-17 00:56:42.919 worker_log:746 150628 MainThread [INFO]  Received executor task 487
2025-04-17 00:56:59.541 worker_log:764 150628 MainThread [INFO]  Completed executor task 487
2025-04-17 00:57:01.434 worker_log:775 150628 MainThread [INFO]  All processing finished for executor task 487
