2025-04-13 22:02:34.890 worker_log:633 20021 MainThread [INFO]  Worker 0 started
2025-04-13 22:02:34.897 worker_log:635 20021 MainThread [DEBUG]  Debug logging enabled
2025-04-13 22:02:34.897 worker_log:690 20021 MainThread [INFO]  Set worker CPU affinity to [0, 1, 2, 3, 4, 5, 6, 7, 104, 105, 106, 107, 108, 109, 110, 111]
2025-04-13 22:02:34.903 worker_log:718 20021 MainThread [INFO]  Pinned worker to accelerator: 0.0
2025-04-13 22:02:48.533 worker_log:746 20021 MainThread [INFO]  Received executor task 5
2025-04-13 22:03:06.406 worker_log:633 20330 MainThread [INFO]  Worker 0 started
2025-04-13 22:03:06.406 worker_log:635 20330 MainThread [DEBUG]  Debug logging enabled
2025-04-13 22:03:06.407 worker_log:690 20330 MainThread [INFO]  Set worker CPU affinity to [0, 1, 2, 3, 4, 5, 6, 7, 104, 105, 106, 107, 108, 109, 110, 111]
2025-04-13 22:03:06.413 worker_log:718 20330 MainThread [INFO]  Pinned worker to accelerator: 0.0
2025-04-13 22:03:07.490 worker_log:746 20330 MainThread [INFO]  Received executor task 13
2025-04-13 22:03:22.673 worker_log:633 20418 MainThread [INFO]  Worker 0 started
2025-04-13 22:03:22.673 worker_log:635 20418 MainThread [DEBUG]  Debug logging enabled
2025-04-13 22:03:22.674 worker_log:690 20418 MainThread [INFO]  Set worker CPU affinity to [0, 1, 2, 3, 4, 5, 6, 7, 104, 105, 106, 107, 108, 109, 110, 111]
2025-04-13 22:03:22.680 worker_log:718 20418 MainThread [INFO]  Pinned worker to accelerator: 0.0
2025-04-13 22:03:23.784 worker_log:746 20418 MainThread [INFO]  Received executor task 15
2025-04-13 22:03:39.072 worker_log:633 20502 MainThread [INFO]  Worker 0 started
2025-04-13 22:03:39.072 worker_log:635 20502 MainThread [DEBUG]  Debug logging enabled
2025-04-13 22:03:39.073 worker_log:690 20502 MainThread [INFO]  Set worker CPU affinity to [0, 1, 2, 3, 4, 5, 6, 7, 104, 105, 106, 107, 108, 109, 110, 111]
2025-04-13 22:03:39.079 worker_log:718 20502 MainThread [INFO]  Pinned worker to accelerator: 0.0
2025-04-13 22:03:40.457 worker_log:746 20502 MainThread [INFO]  Received executor task 17
2025-04-13 22:03:55.416 worker_log:633 20968 MainThread [INFO]  Worker 0 started
2025-04-13 22:03:55.417 worker_log:635 20968 MainThread [DEBUG]  Debug logging enabled
2025-04-13 22:03:55.417 worker_log:690 20968 MainThread [INFO]  Set worker CPU affinity to [0, 1, 2, 3, 4, 5, 6, 7, 104, 105, 106, 107, 108, 109, 110, 111]
2025-04-13 22:03:55.423 worker_log:718 20968 MainThread [INFO]  Pinned worker to accelerator: 0.0
2025-04-13 22:03:56.696 worker_log:746 20968 MainThread [INFO]  Received executor task 19
2025-04-13 22:04:11.761 worker_log:633 21061 MainThread [INFO]  Worker 0 started
2025-04-13 22:04:11.761 worker_log:635 21061 MainThread [DEBUG]  Debug logging enabled
2025-04-13 22:04:11.761 worker_log:690 21061 MainThread [INFO]  Set worker CPU affinity to [0, 1, 2, 3, 4, 5, 6, 7, 104, 105, 106, 107, 108, 109, 110, 111]
2025-04-13 22:04:11.767 worker_log:718 21061 MainThread [INFO]  Pinned worker to accelerator: 0.0
2025-04-13 22:04:13.261 worker_log:746 21061 MainThread [INFO]  Received executor task 23
2025-04-13 22:04:28.092 worker_log:633 21361 MainThread [INFO]  Worker 0 started
2025-04-13 22:04:28.092 worker_log:635 21361 MainThread [DEBUG]  Debug logging enabled
2025-04-13 22:04:28.092 worker_log:690 21361 MainThread [INFO]  Set worker CPU affinity to [0, 1, 2, 3, 4, 5, 6, 7, 104, 105, 106, 107, 108, 109, 110, 111]
2025-04-13 22:04:28.098 worker_log:718 21361 MainThread [INFO]  Pinned worker to accelerator: 0.0
