2025-04-13 22:02:34.904 worker_log:633 20027 MainThread [INFO]  Worker 6 started
2025-04-13 22:02:34.906 worker_log:635 20027 MainThread [DEBUG]  Debug logging enabled
2025-04-13 22:02:34.907 worker_log:690 20027 MainThread [INFO]  Set worker CPU affinity to [52, 53, 54, 55, 56, 57, 58, 59, 156, 157, 158, 159, 160, 161, 162, 163]
2025-04-13 22:02:34.910 worker_log:718 20027 MainThread [INFO]  Pinned worker to accelerator: 3.0
2025-04-13 22:02:50.266 worker_log:746 20027 MainThread [INFO]  Received executor task 6
2025-04-13 22:03:07.199 worker_log:633 20332 MainThread [INFO]  Worker 6 started
2025-04-13 22:03:07.199 worker_log:635 20332 MainThread [DEBUG]  Debug logging enabled
2025-04-13 22:03:07.199 worker_log:690 20332 MainThread [INFO]  Set worker CPU affinity to [52, 53, 54, 55, 56, 57, 58, 59, 156, 157, 158, 159, 160, 161, 162, 163]
2025-04-13 22:03:07.205 worker_log:718 20332 MainThread [INFO]  Pinned worker to accelerator: 3.0
2025-04-13 22:03:08.455 worker_log:746 20332 MainThread [INFO]  Received executor task 14
2025-04-13 22:03:23.742 worker_log:633 20421 MainThread [INFO]  Worker 6 started
2025-04-13 22:03:23.742 worker_log:635 20421 MainThread [DEBUG]  Debug logging enabled
2025-04-13 22:03:23.742 worker_log:690 20421 MainThread [INFO]  Set worker CPU affinity to [52, 53, 54, 55, 56, 57, 58, 59, 156, 157, 158, 159, 160, 161, 162, 163]
2025-04-13 22:03:23.748 worker_log:718 20421 MainThread [INFO]  Pinned worker to accelerator: 3.0
2025-04-13 22:03:25.005 worker_log:746 20421 MainThread [INFO]  Received executor task 16
2025-04-13 22:03:40.218 worker_log:633 20509 MainThread [INFO]  Worker 6 started
2025-04-13 22:03:40.218 worker_log:635 20509 MainThread [DEBUG]  Debug logging enabled
2025-04-13 22:03:40.219 worker_log:690 20509 MainThread [INFO]  Set worker CPU affinity to [52, 53, 54, 55, 56, 57, 58, 59, 156, 157, 158, 159, 160, 161, 162, 163]
2025-04-13 22:03:40.225 worker_log:718 20509 MainThread [INFO]  Pinned worker to accelerator: 3.0
2025-04-13 22:03:42.029 worker_log:746 20509 MainThread [INFO]  Received executor task 18
2025-04-13 22:03:56.396 worker_log:633 20971 MainThread [INFO]  Worker 6 started
2025-04-13 22:03:56.396 worker_log:635 20971 MainThread [DEBUG]  Debug logging enabled
2025-04-13 22:03:56.396 worker_log:690 20971 MainThread [INFO]  Set worker CPU affinity to [52, 53, 54, 55, 56, 57, 58, 59, 156, 157, 158, 159, 160, 161, 162, 163]
2025-04-13 22:03:56.402 worker_log:718 20971 MainThread [INFO]  Pinned worker to accelerator: 3.0
2025-04-13 22:03:57.590 worker_log:746 20971 MainThread [INFO]  Received executor task 20
2025-04-13 22:04:12.883 worker_log:633 21064 MainThread [INFO]  Worker 6 started
2025-04-13 22:04:12.883 worker_log:635 21064 MainThread [DEBUG]  Debug logging enabled
2025-04-13 22:04:12.884 worker_log:690 21064 MainThread [INFO]  Set worker CPU affinity to [52, 53, 54, 55, 56, 57, 58, 59, 156, 157, 158, 159, 160, 161, 162, 163]
2025-04-13 22:04:12.890 worker_log:718 21064 MainThread [INFO]  Pinned worker to accelerator: 3.0
2025-04-13 22:04:14.851 worker_log:746 21064 MainThread [INFO]  Received executor task 24
2025-04-13 22:04:28.465 worker_log:633 21362 MainThread [INFO]  Worker 6 started
2025-04-13 22:04:28.465 worker_log:635 21362 MainThread [DEBUG]  Debug logging enabled
2025-04-13 22:04:28.466 worker_log:690 21362 MainThread [INFO]  Set worker CPU affinity to [52, 53, 54, 55, 56, 57, 58, 59, 156, 157, 158, 159, 160, 161, 162, 163]
2025-04-13 22:04:28.472 worker_log:718 21362 MainThread [INFO]  Pinned worker to accelerator: 3.0
