2025-04-13 21:50:45.883 worker_log:633 16895 MainThread [INFO]  Worker 0 started
2025-04-13 21:50:45.884 worker_log:635 16895 MainThread [DEBUG]  Debug logging enabled
2025-04-13 21:50:45.884 worker_log:690 16895 MainThread [INFO]  Set worker CPU affinity to [0, 1, 2, 3, 4, 5, 6, 7, 104, 105, 106, 107, 108, 109, 110, 111]
2025-04-13 21:50:45.889 worker_log:718 16895 MainThread [INFO]  Pinned worker to accelerator: 0.0
2025-04-13 21:50:47.375 worker_log:746 16895 MainThread [INFO]  Received executor task 4
2025-04-13 21:51:01.537 worker_log:633 17193 MainThread [INFO]  Worker 0 started
2025-04-13 21:51:01.537 worker_log:635 17193 MainThread [DEBUG]  Debug logging enabled
2025-04-13 21:51:01.537 worker_log:690 17193 MainThread [INFO]  Set worker CPU affinity to [0, 1, 2, 3, 4, 5, 6, 7, 104, 105, 106, 107, 108, 109, 110, 111]
2025-04-13 21:51:01.544 worker_log:718 17193 MainThread [INFO]  Pinned worker to accelerator: 0.0
2025-04-13 21:51:02.200 worker_log:746 17193 MainThread [INFO]  Received executor task 13
2025-04-13 21:51:16.899 worker_log:633 17442 MainThread [INFO]  Worker 0 started
2025-04-13 21:51:16.899 worker_log:635 17442 MainThread [DEBUG]  Debug logging enabled
2025-04-13 21:51:16.899 worker_log:690 17442 MainThread [INFO]  Set worker CPU affinity to [0, 1, 2, 3, 4, 5, 6, 7, 104, 105, 106, 107, 108, 109, 110, 111]
2025-04-13 21:51:16.905 worker_log:718 17442 MainThread [INFO]  Pinned worker to accelerator: 0.0
2025-04-13 21:51:23.781 worker_log:746 17442 MainThread [INFO]  Received executor task 23
2025-04-13 21:51:32.360 worker_log:633 17738 MainThread [INFO]  Worker 0 started
2025-04-13 21:51:32.360 worker_log:635 17738 MainThread [DEBUG]  Debug logging enabled
2025-04-13 21:51:32.361 worker_log:690 17738 MainThread [INFO]  Set worker CPU affinity to [0, 1, 2, 3, 4, 5, 6, 7, 104, 105, 106, 107, 108, 109, 110, 111]
2025-04-13 21:51:32.366 worker_log:718 17738 MainThread [INFO]  Pinned worker to accelerator: 0.0
2025-04-13 21:51:38.517 worker_log:746 17738 MainThread [INFO]  Received executor task 35
2025-04-13 21:51:47.591 worker_log:633 17903 MainThread [INFO]  Worker 0 started
2025-04-13 21:51:47.591 worker_log:635 17903 MainThread [DEBUG]  Debug logging enabled
2025-04-13 21:51:47.592 worker_log:690 17903 MainThread [INFO]  Set worker CPU affinity to [0, 1, 2, 3, 4, 5, 6, 7, 104, 105, 106, 107, 108, 109, 110, 111]
2025-04-13 21:51:47.596 worker_log:718 17903 MainThread [INFO]  Pinned worker to accelerator: 0.0
